TN:
SF:src/CarbonCreditAuction.sol
FN:9,CarbonCreditAuction.receiveGCC
FNDA:2,CarbonCreditAuction.receiveGCC
DA:10,0
FNF:1
FNH:1
LF:1
LH:0
BRF:0
BRH:0
end_of_record
TN:
SF:src/EarlyLiquidity.sol
FN:72,EarlyLiquidity.buy
FNDA:3,EarlyLiquidity.buy
DA:74,3
BRDA:74,0,0,1
BRDA:74,0,1,2
DA:75,1
DA:77,2
DA:78,2
DA:79,2
BRDA:79,1,0,1
BRDA:79,1,1,1
DA:81,1
DA:86,1
DA:87,1
DA:88,1
DA:89,1
FN:99,EarlyLiquidity.getPrice
FNDA:8,EarlyLiquidity.getPrice
DA:100,10
FN:109,EarlyLiquidity.totalSold
FNDA:1,EarlyLiquidity.totalSold
DA:110,1
FN:117,EarlyLiquidity.getCurrentPrice
FNDA:1,EarlyLiquidity.getCurrentPrice
DA:118,1
FN:127,EarlyLiquidity.setGlowToken
FNDA:9,EarlyLiquidity.setGlowToken
DA:128,9
BRDA:128,2,0,1
BRDA:128,2,1,8
DA:129,8
FN:142,EarlyLiquidity._getPrice
FNDA:11,EarlyLiquidity._getPrice
DA:146,11
DA:147,11
DA:150,11
DA:153,11
DA:156,11
DA:157,11
DA:160,11
DA:161,11
DA:164,11
DA:165,11
DA:168,11
DA:169,11
DA:172,11
DA:175,11
FN:199,EarlyLiquidity._revert
FNDA:2,EarlyLiquidity._revert
FNF:7
FNH:7
LF:29
LH:29
BRF:6
BRH:6
end_of_record
TN:
SF:src/GCA_AND_MINER_POOL//mock/MockGCA.sol
FN:17,MockGCA.setGCAs
FNDA:0,MockGCA.setGCAs
DA:18,0
FNF:1
FNH:0
LF:1
LH:0
BRF:0
BRH:0
end_of_record
TN:
SF:src/GCA_AND_MINER_POOL/GCA.sol
FN:75,GCA.isGCA
FNDA:10,GCA.isGCA
DA:76,15
FN:83,GCA.submitCompensationPlan
FNDA:0,GCA.submitCompensationPlan
DA:84,0
DA:85,0
BRDA:85,0,0,-
BRDA:85,0,1,-
DA:86,0
DA:88,0
DA:89,0
DA:90,0
DA:91,0
BRDA:91,1,0,-
BRDA:91,1,1,-
DA:92,0
DA:95,0
DA:96,0
DA:97,0
DA:98,0
DA:99,0
BRDA:99,2,0,-
BRDA:99,2,1,-
DA:100,0
DA:101,0
DA:102,0
DA:103,0
DA:107,0
BRDA:107,3,0,-
BRDA:107,3,1,-
DA:108,0
DA:110,0
DA:113,0
BRDA:113,4,0,-
BRDA:113,4,1,-
DA:114,0
DA:116,0
FN:120,GCA.compensationPlan
FNDA:5,GCA.compensationPlan
DA:121,5
FN:124,GCA._compensationPlan
FNDA:0,GCA._compensationPlan
DA:129,5
BRDA:129,5,0,-
BRDA:129,5,1,5
DA:130,0
DA:132,5
DA:133,5
DA:134,5
DA:135,5
DA:136,25
DA:137,25
DA:140,5
FN:143,GCA.claimGlowFromInflation
FNDA:0,GCA.claimGlowFromInflation
DA:144,0
FN:148,GCA.allGcas
FNDA:10,GCA.allGcas
DA:149,10
FN:153,GCA.gcaPayoutData
FNDA:5,GCA.gcaPayoutData
DA:154,5
FN:168,GCA.getAmountNowAndSB
FNDA:256,GCA.getAmountNowAndSB
DA:176,256
DA:178,256
DA:179,256
BRDA:179,6,0,-
BRDA:179,6,1,256
DA:180,0
DA:181,0
DA:182,0
DA:184,256
DA:186,256
FN:193,GCA._payoutAgent
FNDA:0,GCA._payoutAgent
DA:194,0
DA:195,0
DA:196,0
DA:198,0
DA:199,0
DA:200,0
BRDA:200,7,0,-
BRDA:200,7,1,-
DA:203,0
DA:204,0
FN:210,GCA.getShares
FNDA:25,GCA.getShares
DA:211,25
FN:214,GCA._getShares
FNDA:25,GCA._getShares
DA:219,25
DA:220,25
DA:221,75
BRDA:221,8,0,25
BRDA:221,8,1,50
DA:222,25
DA:223,25
DA:226,25
DA:227,125
DA:228,125
DA:230,25
FN:240,GCA._revert
FNDA:0,GCA._revert
FN:255,GCA._setGCAs
FNDA:1,GCA._setGCAs
DA:256,1
DA:257,1
DA:258,0
DA:260,1
DA:261,1
DA:262,5
FN:272,GCA._calculateShift
FNDA:155,GCA._calculateShift
DA:273,155
FNF:14
FNH:9
LF:70
LH:33
BRF:18
BRH:4
end_of_record
TN:
SF:src/GCA_AND_MINER_POOL/mock/MockGCA.sol
FN:17,MockGCA.setGCAs
FNDA:1,MockGCA.setGCAs
DA:18,1
FNF:1
FNH:1
LF:1
LH:1
BRF:0
BRH:0
end_of_record
TN:
SF:src/GCC.sol
FN:80,GCC.mintToCarbonCreditAuction
FNDA:4,GCC.mintToCarbonCreditAuction
DA:81,4
BRDA:81,0,0,1
BRDA:81,0,1,3
DA:82,3
DA:83,2
DA:84,2
FN:90,GCC.isBucketMinted
FNDA:4,GCC.isBucketMinted
DA:91,4
DA:92,4
FN:100,GCC._setBucketMinted
FNDA:3,GCC._setBucketMinted
DA:101,3
DA:102,3
DA:103,3
BRDA:103,1,0,1
BRDA:103,1,1,2
DA:104,2
FN:112,GCC.retireGCC
FNDA:2,GCC.retireGCC
DA:113,2
DA:114,2
FN:117,GCC.retireGCCFor
FNDA:4,GCC.retireGCCFor
DA:118,6
DA:119,4
BRDA:119,2,0,4
BRDA:119,2,1,3
DA:120,4
DA:122,3
FN:126,GCC.retireGCCForAuthorized
FNDA:6,GCC.retireGCCForAuthorized
DA:133,6
BRDA:133,3,0,1
BRDA:133,3,1,5
DA:134,1
DA:136,5
DA:137,5
BRDA:137,4,0,3
BRDA:137,4,1,2
DA:138,3
DA:140,2
DA:142,2
DA:143,2
BRDA:143,5,0,2
BRDA:143,5,1,2
DA:144,2
DA:146,2
FN:149,GCC.increaseAllowances
FNDA:2,GCC.increaseAllowances
DA:150,2
DA:151,2
FN:154,GCC.decreaseAllowances
FNDA:3,GCC.decreaseAllowances
DA:155,3
DA:156,3
DA:157,3
BRDA:157,6,0,1
BRDA:157,6,1,2
DA:158,1
DA:161,2
DA:163,2
FN:171,GCC.increaseRetiringAllowance
FNDA:2,GCC.increaseRetiringAllowance
DA:172,2
FN:178,GCC.decreaseRetiringAllowance
FNDA:3,GCC.decreaseRetiringAllowance
DA:179,3
FN:185,GCC.retiringAllowance
FNDA:8,GCC.retiringAllowance
DA:186,8
FN:189,GCC.domainSeparatorV4
FNDA:5,GCC.domainSeparatorV4
DA:190,5
FN:197,GCC._handleRetirement
FNDA:5,GCC._handleRetirement
DA:198,5
DA:199,5
DA:200,5
FN:210,GCC._increaseRetiringAllowance
FNDA:6,GCC._increaseRetiringAllowance
DA:211,6
DA:212,6
DA:213,6
DA:214,6
BRDA:214,7,0,4
BRDA:214,7,1,6
DA:215,4
FN:226,GCC._decreaseRetiringAllowance
FNDA:9,GCC._decreaseRetiringAllowance
DA:227,9
DA:228,9
BRDA:228,8,0,2
BRDA:228,8,1,7
DA:229,2
DA:232,7
DA:233,7
DA:234,7
BRDA:234,9,0,4
BRDA:234,9,1,7
DA:235,4
FN:245,GCC._getKeyAndShiftFromBucketId
FNDA:7,GCC._getKeyAndShiftFromBucketId
DA:246,7
DA:247,7
FN:250,GCC._constructRetiringPermitDigest
FNDA:5,GCC._constructRetiringPermitDigest
DA:257,5
DA:258,5
FN:261,GCC._checkRetiringPermitSignature
FNDA:5,GCC._checkRetiringPermitSignature
DA:266,5
FN:273,GCC._revert
FNDA:8,GCC._revert
FNF:19
FNH:19
LF:58
LH:58
BRF:20
BRH:20
end_of_record
TN:
SF:src/GLOW.sol
FN:93,Glow.stake
FNDA:22,Glow.stake
DA:94,22
BRDA:94,0,0,1
BRDA:94,0,1,21
DA:95,21
DA:96,21
DA:97,21
DA:99,21
DA:100,16
DA:101,16
DA:102,16
DA:103,16
BRDA:103,1,0,-
BRDA:103,1,1,2
DA:104,2
DA:105,2
DA:106,2
DA:113,14
BRDA:113,2,0,2
BRDA:113,2,1,12
DA:114,2
DA:115,2
DA:116,2
DA:117,2
DA:120,12
DA:121,12
DA:124,21
BRDA:124,3,0,4
BRDA:124,3,1,21
DA:125,4
DA:127,21
DA:128,21
DA:129,21
DA:130,21
BRDA:130,4,0,17
BRDA:130,4,1,20
DA:131,17
DA:133,20
FN:139,Glow.unstake
FNDA:171,Glow.unstake
DA:140,171
BRDA:140,5,0,-
BRDA:140,5,1,171
DA:141,171
DA:142,171
BRDA:142,6,0,1
BRDA:142,6,1,170
DA:143,1
DA:145,170
DA:146,170
DA:147,170
DA:150,170
BRDA:150,7,0,1
BRDA:150,7,1,1
DA:151,2
DA:152,2
BRDA:152,8,0,1
BRDA:152,8,1,1
DA:153,1
DA:155,1
DA:157,169
DA:158,169
DA:162,169
FN:168,Glow.unstakedPositionsOf
FNDA:18,Glow.unstakedPositionsOf
DA:169,18
DA:170,18
DA:172,18
DA:173,18
DA:174,89
DA:176,18
FN:180,Glow.tail
FNDA:0,Glow.tail
DA:181,0
FN:187,Glow.unstakedPositionsOf
FNDA:9,Glow.unstakedPositionsOf
DA:192,9
DA:193,9
DA:194,9
DA:195,9
BRDA:195,9,0,-
BRDA:195,9,1,-
DA:196,2
DA:198,7
BRDA:198,10,0,3
BRDA:198,10,1,7
DA:199,3
DA:202,7
DA:203,7
DA:204,7
DA:205,7
DA:206,53
DA:209,7
FN:215,Glow.claimUnstakedTokens
FNDA:17,Glow.claimUnstakedTokens
DA:216,17
BRDA:216,11,0,1
BRDA:216,11,1,16
DA:217,16
DA:218,16
DA:219,16
DA:221,16
DA:222,15
DA:223,15
BRDA:223,12,0,4
BRDA:223,12,1,11
DA:224,4
DA:226,11
DA:227,11
DA:228,11
BRDA:228,13,0,-
BRDA:228,13,1,5
DA:229,5
DA:230,5
DA:231,5
DA:232,5
DA:233,5
DA:234,5
DA:237,6
BRDA:237,14,0,1
BRDA:237,14,1,3
DA:238,3
DA:239,3
BRDA:239,15,0,1
BRDA:239,15,1,3
DA:240,1
DA:242,3
DA:243,3
DA:244,3
DA:245,3
DA:246,3
DA:249,3
DA:252,4
FN:260,Glow.claimGLWFromGCAAndMinerPool
FNDA:5,Glow.claimGLWFromGCAAndMinerPool
DA:261,5
BRDA:261,16,0,1
BRDA:261,16,1,4
DA:262,4
BRDA:262,17,0,1
BRDA:262,17,1,3
DA:263,3
DA:264,3
DA:265,3
DA:266,3
DA:267,3
BRDA:267,18,0,2
BRDA:267,18,1,1
DA:268,1
DA:269,1
DA:270,1
FN:276,Glow.claimGLWFromVetoCouncil
FNDA:5,Glow.claimGLWFromVetoCouncil
DA:277,5
BRDA:277,19,0,1
BRDA:277,19,1,4
DA:278,4
BRDA:278,20,0,1
BRDA:278,20,1,3
DA:279,3
DA:280,3
DA:281,3
DA:282,3
DA:283,3
BRDA:283,21,0,2
BRDA:283,21,1,1
DA:284,1
DA:285,1
DA:286,1
FN:292,Glow.claimGLWFromGrantsTreasury
FNDA:13,Glow.claimGLWFromGrantsTreasury
DA:293,13
BRDA:293,22,0,1
BRDA:293,22,1,12
DA:294,12
BRDA:294,23,0,1
BRDA:294,23,1,11
DA:295,11
DA:296,11
DA:297,11
DA:298,11
DA:299,11
BRDA:299,24,0,6
BRDA:299,24,1,5
DA:300,5
DA:301,5
DA:302,5
FN:308,Glow.gcaInflationData
FNDA:2,Glow.gcaInflationData
DA:309,2
BRDA:309,25,0,1
BRDA:309,25,1,1
DA:310,1
DA:311,1
DA:312,1
DA:313,1
DA:314,1
DA:315,1
FN:321,Glow.vetoCouncilInflationData
FNDA:2,Glow.vetoCouncilInflationData
DA:326,2
BRDA:326,26,0,1
BRDA:326,26,1,1
DA:327,1
DA:328,1
DA:329,1
DA:330,1
DA:331,1
DA:332,1
FN:338,Glow.grantsTreasuryInflationData
FNDA:2,Glow.grantsTreasuryInflationData
DA:343,2
BRDA:343,27,0,1
BRDA:343,27,1,1
DA:344,1
DA:345,1
DA:346,1
DA:347,1
DA:348,1
DA:349,1
FN:358,Glow.setContractAddresses
FNDA:21,Glow.setContractAddresses
DA:365,21
BRDA:365,28,0,1
BRDA:365,28,1,20
DA:366,20
BRDA:366,29,0,4
BRDA:366,29,1,16
DA:367,16
BRDA:367,30,0,2
BRDA:367,30,1,14
DA:368,14
BRDA:368,31,0,1
BRDA:368,31,1,13
DA:371,13
BRDA:371,32,0,4
BRDA:371,32,1,9
DA:372,9
BRDA:372,33,0,2
BRDA:372,33,1,7
DA:373,7
BRDA:373,34,0,2
BRDA:373,34,1,5
DA:374,5
DA:375,5
DA:376,5
FN:386,Glow._min
FNDA:21,Glow._min
DA:387,21
FN:394,Glow._revert
FNDA:37,Glow._revert
FN:404,Glow._isZeroAddress
FNDA:100,Glow._isZeroAddress
DA:406,100
FNF:16
FNH:15
LF:153
LH:152
BRF:70
BRH:65
end_of_record
TN:
SF:src/Governance.sol
FN:13,Governance.grantNominations
FNDA:5,Governance.grantNominations
DA:14,0
FNF:1
FNH:1
LF:1
LH:0
BRF:0
BRH:0
end_of_record
TN:
SF:src/GrantsTreasury.sol
FN:32,GrantsTreasury.allocateGrantFunds
FNDA:6,GrantsTreasury.allocateGrantFunds
DA:33,6
BRDA:33,0,0,1
BRDA:33,0,1,5
DA:34,5
DA:35,5
DA:36,5
BRDA:36,1,0,2
BRDA:36,1,1,3
DA:37,2
DA:38,2
DA:41,3
DA:42,3
DA:43,3
DA:44,3
FN:50,GrantsTreasury.claimGrantReward
FNDA:3,GrantsTreasury.claimGrantReward
DA:51,3
DA:52,3
BRDA:52,2,0,1
BRDA:52,2,1,2
DA:53,2
DA:54,2
DA:55,2
DA:56,2
FN:62,GrantsTreasury.totalBalanceInGrantsTreasury
FNDA:2,GrantsTreasury.totalBalanceInGrantsTreasury
DA:63,7
DA:66,7
FN:72,GrantsTreasury.sync
FNDA:3,GrantsTreasury.sync
DA:73,8
DA:74,8
FN:81,GrantsTreasury._revert
FNDA:2,GrantsTreasury._revert
FNF:5
FNH:5
LF:20
LH:20
BRF:6
BRH:6
end_of_record
TN:
SF:src/libraries/ABDKMath64x64.sol
FN:34,ABDKMath64x64.fromInt
FNDA:0,ABDKMath64x64.fromInt
DA:36,0
BRDA:36,0,0,-
BRDA:36,0,1,-
DA:37,0
FN:48,ABDKMath64x64.toInt
FNDA:0,ABDKMath64x64.toInt
DA:50,0
FN:61,ABDKMath64x64.fromUInt
FNDA:66,ABDKMath64x64.fromUInt
DA:63,66
BRDA:63,1,0,-
BRDA:63,1,1,66
DA:64,66
FN:75,ABDKMath64x64.toUInt
FNDA:11,ABDKMath64x64.toUInt
DA:77,11
BRDA:77,2,0,-
BRDA:77,2,1,11
DA:78,11
FN:89,ABDKMath64x64.from128x128
FNDA:0,ABDKMath64x64.from128x128
DA:91,0
DA:92,0
BRDA:92,3,0,-
BRDA:92,3,1,-
DA:93,0
FN:104,ABDKMath64x64.to128x128
FNDA:0,ABDKMath64x64.to128x128
DA:106,0
FN:117,ABDKMath64x64.add
FNDA:11,ABDKMath64x64.add
DA:119,11
DA:120,11
BRDA:120,4,0,-
BRDA:120,4,1,11
DA:121,11
FN:132,ABDKMath64x64.sub
FNDA:11,ABDKMath64x64.sub
DA:134,11
DA:135,11
BRDA:135,5,0,-
BRDA:135,5,1,11
DA:136,11
FN:147,ABDKMath64x64.mul
FNDA:44,ABDKMath64x64.mul
DA:149,44
DA:150,44
BRDA:150,6,0,-
BRDA:150,6,1,44
DA:151,44
FN:163,ABDKMath64x64.muli
FNDA:0,ABDKMath64x64.muli
DA:165,0
BRDA:165,7,0,-
BRDA:165,7,1,-
DA:166,0
BRDA:166,8,0,-
BRDA:166,8,1,-
DA:170,0
DA:172,0
DA:173,0
BRDA:173,9,0,-
BRDA:173,9,1,-
DA:174,0
DA:175,0
DA:177,0
BRDA:177,10,0,-
BRDA:177,10,1,-
DA:178,0
DA:179,0
DA:181,0
DA:182,0
BRDA:182,11,0,-
BRDA:182,11,1,-
DA:183,0
BRDA:183,12,0,-
BRDA:183,12,1,-
DA:184,0
DA:186,0
BRDA:186,13,0,-
BRDA:186,13,1,-
DA:187,0
FN:201,ABDKMath64x64.mulu
FNDA:0,ABDKMath64x64.mulu
DA:203,0
BRDA:203,14,0,-
BRDA:203,14,1,-
DA:205,0
BRDA:205,15,0,-
BRDA:205,15,1,-
DA:207,0
DA:208,0
DA:210,0
BRDA:210,16,0,-
BRDA:210,16,1,-
DA:211,0
DA:213,0
BRDA:213,17,0,-
BRDA:213,17,1,-
DA:214,0
FN:226,ABDKMath64x64.div
FNDA:44,ABDKMath64x64.div
DA:228,44
BRDA:228,18,0,-
BRDA:228,18,1,44
DA:229,44
DA:230,44
BRDA:230,19,0,-
BRDA:230,19,1,44
DA:231,44
FN:243,ABDKMath64x64.divi
FNDA:0,ABDKMath64x64.divi
DA:245,0
BRDA:245,20,0,-
BRDA:245,20,1,-
DA:247,0
DA:248,0
BRDA:248,21,0,-
BRDA:248,21,1,-
DA:249,0
DA:250,0
DA:252,0
BRDA:252,22,0,-
BRDA:252,22,1,-
DA:253,0
DA:254,0
DA:256,0
DA:257,0
BRDA:257,23,0,-
BRDA:257,23,1,-
DA:258,0
BRDA:258,24,0,-
BRDA:258,24,1,-
DA:259,0
DA:261,0
BRDA:261,25,0,-
BRDA:261,25,1,-
DA:262,0
FN:275,ABDKMath64x64.divu
FNDA:0,ABDKMath64x64.divu
DA:277,0
BRDA:277,26,0,-
BRDA:277,26,1,-
DA:278,0
DA:279,0
BRDA:279,27,0,-
BRDA:279,27,1,-
DA:280,0
FN:290,ABDKMath64x64.neg
FNDA:0,ABDKMath64x64.neg
DA:292,0
BRDA:292,28,0,-
BRDA:292,28,1,-
DA:293,0
FN:303,ABDKMath64x64.abs
FNDA:0,ABDKMath64x64.abs
DA:305,0
BRDA:305,29,0,-
BRDA:305,29,1,-
DA:306,0
FN:317,ABDKMath64x64.inv
FNDA:0,ABDKMath64x64.inv
DA:319,0
BRDA:319,30,0,-
BRDA:319,30,1,-
DA:320,0
DA:321,0
BRDA:321,31,0,-
BRDA:321,31,1,-
DA:322,0
FN:333,ABDKMath64x64.avg
FNDA:0,ABDKMath64x64.avg
DA:335,0
FN:347,ABDKMath64x64.gavg
FNDA:0,ABDKMath64x64.gavg
DA:349,0
DA:350,0
BRDA:350,32,0,-
BRDA:350,32,1,-
DA:351,0
BRDA:351,33,0,-
BRDA:351,33,1,-
DA:352,0
FN:364,ABDKMath64x64.pow
FNDA:0,ABDKMath64x64.pow
DA:366,0
DA:368,0
DA:369,0
DA:370,0
DA:372,0
BRDA:372,34,0,-
BRDA:372,34,1,-
DA:373,0
DA:374,0
DA:375,0
BRDA:375,35,0,-
BRDA:375,35,1,-
DA:376,0
DA:378,0
DA:380,0
BRDA:380,36,0,-
BRDA:380,36,1,-
DA:381,0
DA:383,0
DA:385,0
BRDA:385,37,0,-
BRDA:385,37,1,-
DA:386,0
DA:388,0
DA:390,0
BRDA:390,38,0,-
BRDA:390,38,1,-
DA:391,0
DA:393,0
DA:395,0
DA:398,0
DA:400,0
DA:401,0
BRDA:401,39,0,-
BRDA:401,39,1,-
DA:402,0
DA:403,0
DA:405,0
BRDA:405,40,0,-
BRDA:405,40,1,-
DA:406,0
DA:407,0
DA:409,0
BRDA:409,41,0,-
BRDA:409,41,1,-
DA:410,0
DA:411,0
DA:413,0
BRDA:413,42,0,-
BRDA:413,42,1,-
DA:414,0
DA:415,0
DA:417,0
BRDA:417,43,0,-
BRDA:417,43,1,-
DA:418,0
DA:419,0
DA:421,0
BRDA:421,44,0,-
BRDA:421,44,1,-
DA:422,0
DA:423,0
DA:426,0
DA:427,0
DA:428,0
BRDA:428,45,0,-
BRDA:428,45,1,-
DA:430,0
BRDA:430,46,0,-
BRDA:430,46,1,-
DA:431,0
DA:432,0
DA:433,0
BRDA:433,47,0,-
BRDA:433,47,1,-
DA:434,0
DA:435,0
DA:438,0
DA:439,0
DA:440,0
BRDA:440,48,0,-
BRDA:440,48,1,-
DA:441,0
DA:442,0
DA:445,0
DA:448,0
BRDA:448,49,0,-
BRDA:448,49,1,-
DA:449,0
DA:451,0
DA:452,0
BRDA:452,50,0,-
BRDA:452,50,1,-
DA:453,0
FN:463,ABDKMath64x64.sqrt
FNDA:0,ABDKMath64x64.sqrt
DA:465,0
BRDA:465,51,0,-
BRDA:465,51,1,-
DA:466,0
FN:476,ABDKMath64x64.log_2
FNDA:33,ABDKMath64x64.log_2
DA:478,33
BRDA:478,52,0,-
BRDA:478,52,1,33
DA:480,33
DA:481,33
DA:482,33
BRDA:482,53,0,33
BRDA:482,53,1,33
DA:483,33
DA:484,33
DA:486,33
BRDA:486,54,0,-
BRDA:486,54,1,33
DA:487,0
DA:488,0
DA:490,33
BRDA:490,55,0,-
BRDA:490,55,1,33
DA:491,0
DA:492,0
DA:494,33
BRDA:494,56,0,-
BRDA:494,56,1,33
DA:495,0
DA:496,0
DA:498,33
BRDA:498,57,0,-
BRDA:498,57,1,33
DA:499,0
DA:500,0
DA:502,33
BRDA:502,58,0,-
BRDA:502,58,1,33
DA:503,0
DA:504,0
DA:506,33
BRDA:506,59,0,33
BRDA:506,59,1,33
DA:508,33
DA:509,33
DA:510,33
DA:511,2112
DA:512,2112
DA:513,2112
DA:514,2112
DA:517,33
FN:527,ABDKMath64x64.ln
FNDA:33,ABDKMath64x64.ln
DA:529,33
BRDA:529,60,0,-
BRDA:529,60,1,33
DA:531,33
FN:541,ABDKMath64x64.exp_2
FNDA:22,ABDKMath64x64.exp_2
DA:543,22
BRDA:543,61,0,-
BRDA:543,61,1,22
DA:545,22
BRDA:545,62,0,-
BRDA:545,62,1,22
DA:547,22
DA:549,22
BRDA:549,63,0,8
BRDA:549,63,1,22
DA:550,8
DA:552,22
BRDA:552,64,0,8
BRDA:552,64,1,22
DA:553,8
DA:555,22
BRDA:555,65,0,8
BRDA:555,65,1,22
DA:556,8
DA:558,22
BRDA:558,66,0,8
BRDA:558,66,1,22
DA:559,8
DA:561,22
BRDA:561,67,0,8
BRDA:561,67,1,22
DA:562,8
DA:564,22
BRDA:564,68,0,8
BRDA:564,68,1,22
DA:565,8
DA:567,22
BRDA:567,69,0,8
BRDA:567,69,1,22
DA:568,8
DA:570,22
BRDA:570,70,0,8
BRDA:570,70,1,22
DA:571,8
DA:573,22
BRDA:573,71,0,8
BRDA:573,71,1,22
DA:574,8
DA:576,22
BRDA:576,72,0,8
BRDA:576,72,1,22
DA:577,8
DA:579,22
BRDA:579,73,0,8
BRDA:579,73,1,22
DA:580,8
DA:582,22
BRDA:582,74,0,8
BRDA:582,74,1,22
DA:583,8
DA:585,22
BRDA:585,75,0,8
BRDA:585,75,1,22
DA:586,8
DA:588,22
BRDA:588,76,0,8
BRDA:588,76,1,22
DA:589,8
DA:591,22
BRDA:591,77,0,8
BRDA:591,77,1,22
DA:592,8
DA:594,22
BRDA:594,78,0,8
BRDA:594,78,1,22
DA:595,8
DA:597,22
BRDA:597,79,0,8
BRDA:597,79,1,22
DA:598,8
DA:600,22
BRDA:600,80,0,8
BRDA:600,80,1,22
DA:601,8
DA:603,22
BRDA:603,81,0,9
BRDA:603,81,1,22
DA:604,9
DA:606,22
BRDA:606,82,0,10
BRDA:606,82,1,22
DA:607,10
DA:609,22
BRDA:609,83,0,8
BRDA:609,83,1,22
DA:610,8
DA:612,22
BRDA:612,84,0,8
BRDA:612,84,1,22
DA:613,8
DA:615,22
BRDA:615,85,0,8
BRDA:615,85,1,22
DA:616,8
DA:618,22
BRDA:618,86,0,9
BRDA:618,86,1,22
DA:619,9
DA:621,22
BRDA:621,87,0,11
BRDA:621,87,1,22
DA:622,11
DA:624,22
BRDA:624,88,0,10
BRDA:624,88,1,22
DA:625,10
DA:627,22
BRDA:627,89,0,8
BRDA:627,89,1,22
DA:628,8
DA:630,22
BRDA:630,90,0,8
BRDA:630,90,1,22
DA:631,8
DA:633,22
BRDA:633,91,0,9
BRDA:633,91,1,22
DA:634,9
DA:636,22
BRDA:636,92,0,11
BRDA:636,92,1,22
DA:637,11
DA:639,22
BRDA:639,93,0,10
BRDA:639,93,1,22
DA:640,10
DA:642,22
BRDA:642,94,0,9
BRDA:642,94,1,22
DA:643,9
DA:645,22
BRDA:645,95,0,11
BRDA:645,95,1,22
DA:646,11
DA:648,22
BRDA:648,96,0,11
BRDA:648,96,1,22
DA:649,11
DA:651,22
BRDA:651,97,0,11
BRDA:651,97,1,22
DA:652,11
DA:654,22
BRDA:654,98,0,10
BRDA:654,98,1,22
DA:655,10
DA:657,22
BRDA:657,99,0,9
BRDA:657,99,1,22
DA:658,9
DA:660,22
BRDA:660,100,0,11
BRDA:660,100,1,22
DA:661,11
DA:663,22
BRDA:663,101,0,11
BRDA:663,101,1,22
DA:664,11
DA:666,22
BRDA:666,102,0,11
BRDA:666,102,1,22
DA:667,11
DA:669,22
BRDA:669,103,0,10
BRDA:669,103,1,22
DA:670,10
DA:672,22
BRDA:672,104,0,9
BRDA:672,104,1,22
DA:673,9
DA:675,22
BRDA:675,105,0,10
BRDA:675,105,1,22
DA:676,10
DA:678,22
BRDA:678,106,0,8
BRDA:678,106,1,22
DA:679,8
DA:681,22
BRDA:681,107,0,8
BRDA:681,107,1,22
DA:682,8
DA:684,22
BRDA:684,108,0,8
BRDA:684,108,1,22
DA:685,8
DA:687,22
BRDA:687,109,0,8
BRDA:687,109,1,22
DA:688,8
DA:690,22
BRDA:690,110,0,9
BRDA:690,110,1,22
DA:691,9
DA:693,22
BRDA:693,111,0,10
BRDA:693,111,1,22
DA:694,10
DA:696,22
BRDA:696,112,0,9
BRDA:696,112,1,22
DA:697,9
DA:699,22
BRDA:699,113,0,11
BRDA:699,113,1,22
DA:700,11
DA:702,22
BRDA:702,114,0,10
BRDA:702,114,1,22
DA:703,10
DA:705,22
BRDA:705,115,0,9
BRDA:705,115,1,22
DA:706,9
DA:708,22
BRDA:708,116,0,10
BRDA:708,116,1,22
DA:709,10
DA:711,22
BRDA:711,117,0,9
BRDA:711,117,1,22
DA:712,9
DA:714,22
BRDA:714,118,0,11
BRDA:714,118,1,22
DA:715,11
DA:717,22
BRDA:717,119,0,11
BRDA:717,119,1,22
DA:718,11
DA:720,22
BRDA:720,120,0,11
BRDA:720,120,1,22
DA:721,11
DA:723,22
BRDA:723,121,0,10
BRDA:723,121,1,22
DA:724,10
DA:726,22
BRDA:726,122,0,9
BRDA:726,122,1,22
DA:727,9
DA:729,22
BRDA:729,123,0,10
BRDA:729,123,1,22
DA:730,10
DA:732,22
BRDA:732,124,0,8
BRDA:732,124,1,22
DA:733,8
DA:735,22
BRDA:735,125,0,9
BRDA:735,125,1,22
DA:736,9
DA:738,22
BRDA:738,126,0,2
BRDA:738,126,1,22
DA:739,2
DA:742,22
DA:743,22
BRDA:743,127,0,-
BRDA:743,127,1,22
DA:745,22
FN:755,ABDKMath64x64.exp
FNDA:22,ABDKMath64x64.exp
DA:757,22
BRDA:757,128,0,-
BRDA:757,128,1,22
DA:759,22
BRDA:759,129,0,-
BRDA:759,129,1,22
DA:761,22
FN:773,ABDKMath64x64.divuu
FNDA:0,ABDKMath64x64.divuu
DA:775,0
BRDA:775,130,0,-
BRDA:775,130,1,-
DA:777,0
DA:779,0
BRDA:779,131,0,-
BRDA:779,131,1,-
DA:780,0
DA:782,0
DA:783,0
DA:784,0
BRDA:784,132,0,-
BRDA:784,132,1,-
DA:785,0
DA:786,0
DA:788,0
BRDA:788,133,0,-
BRDA:788,133,1,-
DA:789,0
DA:790,0
DA:792,0
BRDA:792,134,0,-
BRDA:792,134,1,-
DA:793,0
DA:794,0
DA:796,0
BRDA:796,135,0,-
BRDA:796,135,1,-
DA:797,0
DA:798,0
DA:800,0
BRDA:800,136,0,-
BRDA:800,136,1,-
DA:801,0
DA:802,0
DA:804,0
BRDA:804,137,0,-
BRDA:804,137,1,-
DA:806,0
DA:807,0
BRDA:807,138,0,-
BRDA:807,138,1,-
DA:809,0
DA:810,0
DA:812,0
DA:813,0
DA:815,0
BRDA:815,139,0,-
BRDA:815,139,1,-
DA:816,0
DA:817,0
DA:818,0
BRDA:818,140,0,-
BRDA:818,140,1,-
DA:819,0
DA:821,0
DA:824,0
BRDA:824,141,0,-
BRDA:824,141,1,-
DA:825,0
FN:836,ABDKMath64x64.sqrtu
FNDA:0,ABDKMath64x64.sqrtu
DA:838,0
BRDA:838,142,0,-
BRDA:838,142,1,-
DA:839,0
DA:841,0
DA:842,0
DA:843,0
BRDA:843,143,0,-
BRDA:843,143,1,-
DA:844,0
DA:845,0
DA:847,0
BRDA:847,144,0,-
BRDA:847,144,1,-
DA:848,0
DA:849,0
DA:851,0
BRDA:851,145,0,-
BRDA:851,145,1,-
DA:852,0
DA:853,0
DA:855,0
BRDA:855,146,0,-
BRDA:855,146,1,-
DA:856,0
DA:857,0
DA:859,0
BRDA:859,147,0,-
BRDA:859,147,1,-
DA:860,0
DA:861,0
DA:863,0
BRDA:863,148,0,-
BRDA:863,148,1,-
DA:864,0
DA:865,0
DA:867,0
BRDA:867,149,0,-
BRDA:867,149,1,-
DA:868,0
DA:869,0
DA:870,0
DA:871,0
DA:872,0
DA:873,0
DA:874,0
DA:875,0
DA:876,0
FNF:27
FNH:10
LF:378
LH:176
BRF:300
BRH:151
end_of_record
TN:
SF:src/temp/GCAPayoutAlgo.sol
FN:31,GCAPayoutAlgo.submitCompensationPlan
FNDA:0,GCAPayoutAlgo.submitCompensationPlan
DA:34,0
BRDA:34,0,0,-
BRDA:34,0,1,-
DA:36,0
BRDA:36,1,0,-
BRDA:36,1,1,-
DA:37,0
DA:38,0
DA:39,0
DA:40,0
DA:41,0
DA:48,0
DA:49,0
DA:50,0
BRDA:50,2,0,-
BRDA:50,2,1,-
DA:51,0
DA:52,0
BRDA:52,3,0,-
BRDA:52,3,1,-
DA:53,0
DA:55,0
DA:56,0
DA:58,0
BRDA:58,4,0,-
BRDA:58,4,1,-
DA:59,0
FN:62,GCAPayoutAlgo.removeGCA
FNDA:0,GCAPayoutAlgo.removeGCA
DA:63,0
DA:64,0
DA:65,0
DA:66,0
DA:67,0
DA:74,0
FN:77,GCAPayoutAlgo.addGCA
FNDA:0,GCAPayoutAlgo.addGCA
DA:78,0
FN:81,GCAPayoutAlgo.claimRewards
FNDA:0,GCAPayoutAlgo.claimRewards
DA:82,0
DA:83,0
DA:84,0
FN:87,GCAPayoutAlgo.nextReward
FNDA:0,GCAPayoutAlgo.nextReward
DA:88,0
DA:89,0
BRDA:89,5,0,-
BRDA:89,5,1,-
DA:90,0
DA:91,0
BRDA:91,6,0,-
BRDA:91,6,1,-
DA:92,0
FN:95,GCAPayoutAlgo.nextRewardMockTimestamp
FNDA:0,GCAPayoutAlgo.nextRewardMockTimestamp
DA:96,0
DA:97,0
BRDA:97,7,0,-
BRDA:97,7,1,-
DA:98,0
BRDA:98,8,0,-
BRDA:98,8,1,-
DA:99,0
FN:102,GCAPayoutAlgo.editSeats
FNDA:0,GCAPayoutAlgo.editSeats
DA:103,0
DA:104,0
DA:105,0
BRDA:105,9,0,-
BRDA:105,9,1,-
DA:112,0
DA:114,0
DA:115,0
FN:119,GCAPayoutAlgo.helpers
FNDA:0,GCAPayoutAlgo.helpers
DA:120,0
FNF:8
FNH:0
LF:43
LH:0
BRF:20
BRH:0
end_of_record
TN:
SF:src/temp/GCAPayoutAlgo2.sol
FN:32,GCAPayoutAlgo2.submitCompensationPlan
FNDA:0,GCAPayoutAlgo2.submitCompensationPlan
DA:34,0
BRDA:34,0,0,-
BRDA:34,0,1,-
DA:36,0
DA:37,0
BRDA:37,1,0,-
BRDA:37,1,1,-
DA:40,0
DA:41,0
DA:42,0
DA:43,0
DA:45,0
BRDA:45,2,0,-
BRDA:45,2,1,-
DA:46,0
DA:54,0
DA:55,0
DA:56,0
BRDA:56,3,0,-
BRDA:56,3,1,-
DA:57,0
DA:58,0
BRDA:58,4,0,-
BRDA:58,4,1,-
DA:59,0
DA:61,0
DA:62,0
DA:64,0
BRDA:64,5,0,-
BRDA:64,5,1,-
DA:65,0
FN:68,GCAPayoutAlgo2.removeGCA
FNDA:0,GCAPayoutAlgo2.removeGCA
DA:69,0
DA:70,0
DA:71,0
DA:72,0
DA:73,0
BRDA:73,6,0,-
BRDA:73,6,1,-
DA:74,0
DA:82,0
DA:83,0
DA:84,0
BRDA:84,7,0,-
BRDA:84,7,1,-
DA:85,0
DA:86,0
DA:89,0
DA:93,0
FN:96,GCAPayoutAlgo2.addGCA
FNDA:0,GCAPayoutAlgo2.addGCA
DA:97,0
FN:100,GCAPayoutAlgo2.claimRewards
FNDA:0,GCAPayoutAlgo2.claimRewards
DA:101,0
DA:102,0
DA:103,0
FN:106,GCAPayoutAlgo2.claimRewards
FNDA:0,GCAPayoutAlgo2.claimRewards
DA:107,0
DA:108,0
DA:109,0
FN:112,GCAPayoutAlgo2.nextReward
FNDA:0,GCAPayoutAlgo2.nextReward
DA:113,0
DA:114,0
BRDA:114,8,0,-
BRDA:114,8,1,-
DA:115,0
DA:116,0
BRDA:116,9,0,-
BRDA:116,9,1,-
DA:117,0
FN:120,GCAPayoutAlgo2.nextRewardMockTimestamp
FNDA:0,GCAPayoutAlgo2.nextRewardMockTimestamp
DA:121,0
DA:122,0
BRDA:122,10,0,-
BRDA:122,10,1,-
DA:123,0
BRDA:123,11,0,-
BRDA:123,11,1,-
DA:124,0
FN:128,GCAPayoutAlgo2.editSeats
FNDA:0,GCAPayoutAlgo2.editSeats
DA:129,0
DA:130,0
DA:131,0
BRDA:131,12,0,-
BRDA:131,12,1,-
DA:138,0
DA:140,0
DA:141,0
FN:145,GCAPayoutAlgo2.helpers
FNDA:0,GCAPayoutAlgo2.helpers
DA:146,0
FNF:9
FNH:0
LF:55
LH:0
BRF:26
BRH:0
end_of_record
TN:
SF:src/temp/Math.sol
FN:64,HalfLife.calculateHalfLifeValue
FNDA:0,HalfLife.calculateHalfLifeValue
DA:66,0
DA:69,0
DA:70,0
DA:73,0
DA:74,0
DA:77,0
DA:79,0
FNF:1
FNH:0
LF:7
LH:0
BRF:0
BRH:0
end_of_record
TN:
SF:src/temp/TestBucketMath.sol
FN:19,TestBucketMath.getDepositChangeForBucket
FNDA:0,TestBucketMath.getDepositChangeForBucket
DA:20,0
FN:23,TestBucketMath.deposit
FNDA:0,TestBucketMath.deposit
DA:24,0
DA:25,0
DA:27,0
BRDA:27,0,0,-
BRDA:27,0,1,-
DA:28,0
DA:29,0
DA:32,0
BRDA:32,1,0,-
BRDA:32,1,1,-
DA:34,0
DA:35,0
BRDA:35,2,0,-
BRDA:35,2,1,-
DA:36,0
DA:38,0
DA:39,0
DA:41,0
DA:44,0
FN:47,TestBucketMath.getBucketValue
FNDA:0,TestBucketMath.getBucketValue
DA:48,0
BRDA:48,3,0,-
BRDA:48,3,1,-
DA:49,0
BRDA:49,4,0,-
BRDA:49,4,1,-
DA:50,0
DA:51,0
DA:52,0
DA:54,0
BRDA:54,5,0,-
BRDA:54,5,1,-
DA:55,0
BRDA:55,6,0,-
BRDA:55,6,1,-
DA:56,0
BRDA:56,7,0,-
BRDA:56,7,1,-
DA:57,0
DA:59,0
DA:60,0
DA:61,0
DA:63,0
FN:66,TestBucketMath.getCurrentBucket
FNDA:0,TestBucketMath.getCurrentBucket
DA:67,0
FNF:4
FNH:0
LF:28
LH:0
BRF:16
BRH:0
end_of_record
TN:
SF:src/testing/MockUSDC.sol
FN:9,MockUSDC.decimals
FNDA:0,MockUSDC.decimals
DA:10,0
FN:13,MockUSDC.mint
FNDA:8,MockUSDC.mint
DA:14,8
FNF:2
FNH:1
LF:2
LH:1
BRF:0
BRH:0
end_of_record
TN:
SF:src/testing/TestGCC.sol
FN:11,TestGCC.mint
FNDA:11,TestGCC.mint
DA:12,11
FNF:1
FNH:1
LF:1
LH:1
BRF:0
BRH:0
end_of_record
TN:
SF:src/testing/TestGLOW.sol
FN:16,TestGLOW.mint
FNDA:16,TestGLOW.mint
DA:17,16
FNF:1
FNH:1
LF:1
LH:1
BRF:0
BRH:0
end_of_record
TN:
SF:test/gcc-token/Handler.sol
FN:22,Handler.mintToCarbonCreditAuction
FNDA:0,Handler.mintToCarbonCreditAuction
DA:23,0
DA:24,0
DA:25,0
BRDA:25,0,0,-
BRDA:25,0,1,-
DA:26,0
BRDA:26,1,0,-
BRDA:26,1,1,-
DA:27,0
DA:28,0
DA:29,0
DA:30,0
DA:34,0
BRDA:34,2,0,-
BRDA:34,2,1,-
DA:35,0
DA:38,0
FN:41,Handler.getAllFuzzIds
FNDA:0,Handler.getAllFuzzIds
DA:42,0
FN:45,Handler.getAllNotFuzzIds
FNDA:0,Handler.getAllNotFuzzIds
DA:46,0
FN:49,Handler.inArr
FNDA:0,Handler.inArr
DA:50,0
DA:51,0
BRDA:51,3,0,-
BRDA:51,3,1,-
DA:52,0
DA:55,0
FN:58,Handler.isBucketMinted
FNDA:0,Handler.isBucketMinted
DA:59,0
FNF:5
FNH:0
LF:18
LH:0
BRF:8
BRH:0
end_of_record
TN:
SF:test/glow-token/Handler.sol
FN:18,Handler.stake
FNDA:0,Handler.stake
DA:19,0
BRDA:19,0,0,-
BRDA:19,0,1,-
DA:20,0
DA:24,0
FN:27,Handler.unstake
FNDA:0,Handler.unstake
DA:28,0
BRDA:28,1,0,-
BRDA:28,1,1,-
DA:29,0
DA:31,0
DA:33,0
FN:36,Handler.claimUnstakedTokens
FNDA:0,Handler.claimUnstakedTokens
DA:37,0
BRDA:37,2,0,-
BRDA:37,2,1,-
DA:38,0
DA:40,0
FN:43,Handler.getUnstakedBalance
FNDA:0,Handler.getUnstakedBalance
DA:44,0
DA:45,0
DA:47,0
DA:48,0
DA:51,0
FNF:4
FNH:0
LF:15
LH:0
BRF:6
BRH:0
end_of_record
