TN:
SF:src/CarbonCreditAuction.sol
FN:9,CarbonCreditAuction.receiveGCC
FNDA:2,CarbonCreditAuction.receiveGCC
DA:10,0
FNF:1
FNH:1
LF:1
LH:0
BRF:0
BRH:0
end_of_record
TN:
SF:src/EarlyLiquidity.sol
FN:101,EarlyLiquidity.buy
FNDA:5,EarlyLiquidity.buy
DA:103,5
DA:104,5
DA:107,5
BRDA:107,0,0,-
BRDA:107,0,1,5
DA:108,0
DA:113,5
BRDA:113,1,0,1
BRDA:113,1,1,4
DA:114,1
DA:117,4
DA:120,4
DA:123,4
BRDA:123,2,0,1
BRDA:123,2,1,3
DA:124,1
DA:129,3
DA:132,3
DA:135,3
DA:138,3
DA:142,3
DA:145,3
DA:148,3
DA:151,3
DA:154,3
DA:157,3
FN:169,EarlyLiquidity.setGlowToken
FNDA:10,EarlyLiquidity.setGlowToken
DA:170,10
BRDA:170,3,0,1
BRDA:170,3,1,9
DA:171,9
FN:179,EarlyLiquidity.setMinerPool
FNDA:1,EarlyLiquidity.setMinerPool
DA:180,1
BRDA:180,4,0,-
BRDA:180,4,1,1
DA:181,1
BRDA:181,5,0,-
BRDA:181,5,1,1
DA:182,1
FN:192,EarlyLiquidity.getPrice
FNDA:9,EarlyLiquidity.getPrice
DA:193,13
FN:199,EarlyLiquidity.totalSold
FNDA:3,EarlyLiquidity.totalSold
DA:200,3
FN:206,EarlyLiquidity.getCurrentPrice
FNDA:1,EarlyLiquidity.getCurrentPrice
DA:207,1
FN:224,EarlyLiquidity._getPrice
FNDA:14,EarlyLiquidity._getPrice
DA:227,14
BRDA:227,6,0,1
BRDA:227,6,1,13
DA:228,1
DA:232,13
DA:237,13
DA:241,13
DA:246,13
DA:250,13
DA:253,13
DA:257,13
DA:271,13
FN:278,EarlyLiquidity._getFirstTermInSeries
FNDA:13,EarlyLiquidity._getFirstTermInSeries
DA:281,13
DA:287,13
DA:291,13
DA:294,13
DA:308,13
FN:319,EarlyLiquidity._revert
FNDA:3,EarlyLiquidity._revert
FN:329,EarlyLiquidity._isZeroAddress
FNDA:7,EarlyLiquidity._isZeroAddress
DA:331,7
FNF:10
FNH:10
LF:44
LH:43
BRF:14
BRH:11
end_of_record
TN:
SF:src/GCC.sol
FN:74,GCC.mintToCarbonCreditAuction
FNDA:4,GCC.mintToCarbonCreditAuction
DA:75,4
BRDA:75,0,0,1
BRDA:75,0,1,3
DA:76,3
DA:77,2
DA:78,2
FN:84,GCC.isBucketMinted
FNDA:4,GCC.isBucketMinted
DA:85,4
DA:86,4
FN:94,GCC._setBucketMinted
FNDA:3,GCC._setBucketMinted
DA:95,3
DA:96,3
DA:97,3
BRDA:97,1,0,1
BRDA:97,1,1,2
DA:98,2
FN:106,GCC.retireGCC
FNDA:2,GCC.retireGCC
DA:107,2
DA:108,2
FN:111,GCC.retireGCCFor
FNDA:4,GCC.retireGCCFor
DA:112,6
DA:113,4
BRDA:113,2,0,4
BRDA:113,2,1,3
DA:114,4
DA:116,3
FN:120,GCC.retireGCCForAuthorized
FNDA:6,GCC.retireGCCForAuthorized
DA:127,6
BRDA:127,3,0,1
BRDA:127,3,1,5
DA:128,1
DA:130,5
DA:131,5
BRDA:131,4,0,3
BRDA:131,4,1,2
DA:132,3
DA:134,2
DA:136,2
DA:137,2
BRDA:137,5,0,2
BRDA:137,5,1,2
DA:138,2
DA:140,2
FN:143,GCC.increaseAllowances
FNDA:2,GCC.increaseAllowances
DA:144,2
DA:145,2
FN:148,GCC.decreaseAllowances
FNDA:3,GCC.decreaseAllowances
DA:149,3
DA:150,3
DA:151,3
BRDA:151,6,0,1
BRDA:151,6,1,2
DA:152,1
DA:155,2
DA:157,2
FN:165,GCC.increaseRetiringAllowance
FNDA:2,GCC.increaseRetiringAllowance
DA:166,2
FN:172,GCC.decreaseRetiringAllowance
FNDA:3,GCC.decreaseRetiringAllowance
DA:173,3
FN:179,GCC.retiringAllowance
FNDA:8,GCC.retiringAllowance
DA:180,8
FN:183,GCC.domainSeparatorV4
FNDA:5,GCC.domainSeparatorV4
DA:184,5
FN:191,GCC._handleRetirement
FNDA:5,GCC._handleRetirement
DA:192,5
DA:193,5
DA:194,5
FN:204,GCC._increaseRetiringAllowance
FNDA:6,GCC._increaseRetiringAllowance
DA:205,6
DA:206,6
DA:207,6
DA:208,6
BRDA:208,7,0,4
BRDA:208,7,1,6
DA:209,4
FN:220,GCC._decreaseRetiringAllowance
FNDA:9,GCC._decreaseRetiringAllowance
DA:221,9
DA:222,9
BRDA:222,8,0,2
BRDA:222,8,1,7
DA:223,2
DA:226,7
DA:227,7
DA:228,7
BRDA:228,9,0,4
BRDA:228,9,1,7
DA:229,4
FN:239,GCC._getKeyAndShiftFromBucketId
FNDA:7,GCC._getKeyAndShiftFromBucketId
DA:240,7
DA:241,7
FN:244,GCC._constructRetiringPermitDigest
FNDA:5,GCC._constructRetiringPermitDigest
DA:251,5
DA:252,5
FN:255,GCC._checkRetiringPermitSignature
FNDA:5,GCC._checkRetiringPermitSignature
DA:260,5
FN:267,GCC._revert
FNDA:8,GCC._revert
FNF:19
FNH:19
LF:58
LH:58
BRF:20
BRH:20
end_of_record
TN:
SF:src/GLOW.sol
FN:96,Glow.stake
FNDA:27,Glow.stake
DA:98,27
BRDA:98,0,0,1
BRDA:98,0,1,26
DA:101,26
DA:104,26
DA:107,26
DA:111,26
DA:116,26
DA:121,26
DA:123,127
DA:128,127
BRDA:128,1,0,113
BRDA:128,1,1,14
DA:129,113
DA:130,113
DA:131,113
DA:138,14
DA:139,14
DA:146,14
BRDA:146,2,0,-
BRDA:146,2,1,1
DA:147,1
DA:148,1
DA:149,1
DA:158,13
BRDA:158,3,0,2
BRDA:158,3,1,11
DA:159,2
DA:160,2
DA:161,2
DA:162,2
DA:169,11
DA:170,11
DA:176,26
BRDA:176,4,0,7
BRDA:176,4,1,26
DA:177,7
DA:183,26
DA:188,26
DA:193,26
DA:195,26
DA:204,26
BRDA:204,5,0,20
BRDA:204,5,1,25
DA:205,20
DA:209,25
BRDA:209,6,0,4
BRDA:209,6,1,25
DA:210,4
DA:216,25
FN:222,Glow.unstake
FNDA:285,Glow.unstake
DA:224,285
BRDA:224,7,0,-
BRDA:224,7,1,285
DA:227,285
DA:230,285
BRDA:230,8,0,2
BRDA:230,8,1,283
DA:231,2
DA:235,283
DA:237,283
DA:241,283
DA:246,283
BRDA:246,9,0,2
BRDA:246,9,1,3
DA:247,6
DA:250,6
BRDA:250,10,0,1
BRDA:250,10,1,5
DA:251,1
DA:253,5
BRDA:253,11,0,2
BRDA:253,11,1,3
DA:254,2
DA:257,3
DA:262,281
DA:265,281
DA:270,281
FN:276,Glow.claimUnstakedTokens
FNDA:14,Glow.claimUnstakedTokens
DA:278,14
BRDA:278,12,0,1
BRDA:278,12,1,13
DA:280,13
DA:282,13
DA:284,13
DA:287,13
DA:293,13
DA:295,13
DA:302,13
BRDA:302,13,0,3
BRDA:302,13,1,10
DA:303,3
DA:307,10
DA:309,10
DA:313,10
BRDA:313,14,0,-
BRDA:313,14,1,5
DA:314,5
DA:316,5
DA:318,5
DA:320,5
DA:322,5
DA:323,5
DA:328,5
BRDA:328,15,0,1
BRDA:328,15,1,2
DA:330,2
DA:332,2
BRDA:332,16,0,1
BRDA:332,16,1,2
DA:333,1
DA:336,2
DA:338,2
DA:340,2
DA:342,2
DA:343,2
DA:348,3
DA:351,3
FN:361,Glow.claimGLWFromGCAAndMinerPool
FNDA:5,Glow.claimGLWFromGCAAndMinerPool
DA:363,5
BRDA:363,17,0,1
BRDA:363,17,1,4
DA:365,4
BRDA:365,18,0,1
BRDA:365,18,1,3
DA:367,3
DA:370,3
DA:372,3
DA:374,3
DA:376,3
BRDA:376,19,0,2
BRDA:376,19,1,1
DA:378,1
DA:380,1
DA:382,1
FN:388,Glow.claimGLWFromVetoCouncil
FNDA:7,Glow.claimGLWFromVetoCouncil
DA:390,7
BRDA:390,20,0,1
BRDA:390,20,1,6
DA:392,6
BRDA:392,21,0,1
BRDA:392,21,1,5
DA:394,5
DA:397,5
DA:399,5
DA:401,5
DA:403,5
BRDA:403,22,0,2
BRDA:403,22,1,3
DA:405,3
DA:407,3
DA:409,3
FN:415,Glow.claimGLWFromGrantsTreasury
FNDA:13,Glow.claimGLWFromGrantsTreasury
DA:417,13
BRDA:417,23,0,1
BRDA:417,23,1,12
DA:419,12
BRDA:419,24,0,1
BRDA:419,24,1,11
DA:421,11
DA:424,11
DA:426,11
DA:428,11
DA:430,11
BRDA:430,25,0,6
BRDA:430,25,1,5
DA:432,5
DA:434,5
DA:436,5
FN:446,Glow.unstakedPositionsOf
FNDA:27,Glow.unstakedPositionsOf
DA:447,27
DA:448,27
DA:451,27
DA:455,27
DA:458,240
DA:460,27
FN:469,Glow.tail
FNDA:0,Glow.tail
DA:470,0
FN:477,Glow.unstakedPositionsOf
FNDA:9,Glow.unstakedPositionsOf
DA:483,9
DA:485,9
DA:489,9
DA:492,9
BRDA:492,26,0,-
BRDA:492,26,1,-
DA:493,2
DA:498,7
BRDA:498,27,0,3
BRDA:498,27,1,7
DA:499,3
DA:503,7
DA:506,7
DA:509,7
DA:513,7
DA:514,53
DA:517,53
DA:521,7
FN:527,Glow.gcaInflationData
FNDA:2,Glow.gcaInflationData
DA:528,2
BRDA:528,28,0,1
BRDA:528,28,1,1
DA:529,1
DA:530,1
DA:531,1
DA:532,1
DA:533,1
DA:534,1
FN:540,Glow.vetoCouncilInflationData
FNDA:2,Glow.vetoCouncilInflationData
DA:545,2
BRDA:545,29,0,1
BRDA:545,29,1,1
DA:546,1
DA:547,1
DA:548,1
DA:549,1
DA:550,1
DA:551,1
FN:557,Glow.grantsTreasuryInflationData
FNDA:2,Glow.grantsTreasuryInflationData
DA:562,2
BRDA:562,30,0,1
BRDA:562,30,1,1
DA:563,1
DA:564,1
DA:565,1
DA:566,1
DA:567,1
DA:568,1
FN:579,Glow.setContractAddresses
FNDA:22,Glow.setContractAddresses
DA:586,22
BRDA:586,31,0,1
BRDA:586,31,1,21
DA:587,21
BRDA:587,32,0,4
BRDA:587,32,1,17
DA:588,17
BRDA:588,33,0,2
BRDA:588,33,1,15
DA:589,15
BRDA:589,34,0,1
BRDA:589,34,1,14
DA:592,14
BRDA:592,35,0,4
BRDA:592,35,1,10
DA:593,10
BRDA:593,36,0,2
BRDA:593,36,1,8
DA:594,8
BRDA:594,37,0,2
BRDA:594,37,1,6
DA:595,6
DA:596,6
DA:597,6
FN:609,Glow._min
FNDA:26,Glow._min
DA:610,26
FN:617,Glow._revert
FNDA:37,Glow._revert
FN:627,Glow._isZeroAddress
FNDA:106,Glow._isZeroAddress
DA:629,106
FNF:16
FNH:15
LF:166
LH:165
BRF:76
BRH:71
end_of_record
TN:
SF:src/Governance.sol
FN:13,Governance.grantNominations
FNDA:5,Governance.grantNominations
DA:14,0
FN:18,Governance.getProposalWithStatus
FNDA:0,Governance.getProposalWithStatus
FNF:2
FNH:1
LF:1
LH:0
BRF:0
BRH:0
end_of_record
TN:
SF:src/GrantsTreasury.sol
FN:32,GrantsTreasury.allocateGrantFunds
FNDA:6,GrantsTreasury.allocateGrantFunds
DA:33,6
BRDA:33,0,0,1
BRDA:33,0,1,5
DA:34,5
DA:35,5
DA:36,5
BRDA:36,1,0,2
BRDA:36,1,1,3
DA:37,2
DA:38,2
DA:41,3
DA:42,3
DA:43,3
DA:44,3
FN:50,GrantsTreasury.claimGrantReward
FNDA:3,GrantsTreasury.claimGrantReward
DA:51,3
DA:52,3
BRDA:52,2,0,1
BRDA:52,2,1,2
DA:53,2
DA:54,2
DA:55,2
DA:56,2
FN:62,GrantsTreasury.totalBalanceInGrantsTreasury
FNDA:2,GrantsTreasury.totalBalanceInGrantsTreasury
DA:63,7
DA:66,7
FN:72,GrantsTreasury.sync
FNDA:3,GrantsTreasury.sync
DA:73,8
DA:74,8
FN:81,GrantsTreasury._revert
FNDA:2,GrantsTreasury._revert
FNF:5
FNH:5
LF:20
LH:20
BRF:6
BRH:6
end_of_record
TN:
SF:src/MinerPoolAndGCA/GCA.sol
FN:76,GCA.isGCA
FNDA:10,GCA.isGCA
DA:77,15
FN:84,GCA.submitCompensationPlan
FNDA:0,GCA.submitCompensationPlan
DA:85,0
DA:86,0
BRDA:86,0,0,-
BRDA:86,0,1,-
DA:87,0
DA:89,0
DA:90,0
DA:91,0
DA:92,0
BRDA:92,1,0,-
BRDA:92,1,1,-
DA:93,0
DA:96,0
DA:97,0
DA:98,0
DA:99,0
DA:100,0
BRDA:100,2,0,-
BRDA:100,2,1,-
DA:101,0
DA:102,0
DA:103,0
DA:104,0
DA:108,0
BRDA:108,3,0,-
BRDA:108,3,1,-
DA:109,0
DA:111,0
DA:114,0
BRDA:114,4,0,-
BRDA:114,4,1,-
DA:115,0
DA:117,0
FN:120,GCA.setRequirementsHash
FNDA:2,GCA.setRequirementsHash
DA:121,2
BRDA:121,5,0,1
BRDA:121,5,1,1
DA:122,1
FN:126,GCA.compensationPlan
FNDA:5,GCA.compensationPlan
DA:127,5
FN:130,GCA._compensationPlan
FNDA:0,GCA._compensationPlan
DA:135,5
BRDA:135,6,0,-
BRDA:135,6,1,5
DA:136,0
DA:138,5
DA:139,5
DA:140,5
DA:141,5
DA:142,25
DA:143,25
DA:146,5
FN:149,GCA.claimGlowFromInflation
FNDA:0,GCA.claimGlowFromInflation
DA:150,0
FN:154,GCA.allGcas
FNDA:10,GCA.allGcas
DA:155,10
FN:159,GCA.gcaPayoutData
FNDA:5,GCA.gcaPayoutData
DA:160,5
FN:174,GCA.getAmountNowAndSB
FNDA:256,GCA.getAmountNowAndSB
DA:179,256
FN:188,GCA._payoutAgent
FNDA:0,GCA._payoutAgent
DA:189,0
DA:190,0
DA:191,0
DA:193,0
DA:194,0
DA:195,0
BRDA:195,7,0,-
BRDA:195,7,1,-
DA:198,0
DA:199,0
FN:205,GCA.getShares
FNDA:25,GCA.getShares
DA:206,25
FN:209,GCA._getShares
FNDA:25,GCA._getShares
DA:214,25
DA:215,25
DA:216,75
BRDA:216,8,0,25
BRDA:216,8,1,50
DA:217,25
DA:218,25
DA:221,25
DA:222,125
DA:223,125
DA:225,25
FN:235,GCA._revert
FNDA:1,GCA._revert
FN:250,GCA._setGCAs
FNDA:1,GCA._setGCAs
DA:251,1
DA:252,1
DA:253,0
DA:255,1
DA:256,1
DA:257,5
FN:267,GCA._calculateShift
FNDA:155,GCA._calculateShift
DA:268,155
FNF:15
FNH:11
LF:65
LH:31
BRF:18
BRH:5
end_of_record
TN:
SF:src/MinerPoolAndGCA/MinerPoolAndGCA.sol
FN:117,MinerPoolAndGCA.createElectricityFutureAuction
FNDA:0,MinerPoolAndGCA.createElectricityFutureAuction
DA:118,0
BRDA:118,0,0,-
BRDA:118,0,1,-
DA:119,0
DA:120,0
DA:127,0
FN:130,MinerPoolAndGCA.bidOnFuturesAuction
FNDA:0,MinerPoolAndGCA.bidOnFuturesAuction
DA:137,0
DA:138,0
BRDA:138,1,0,-
BRDA:138,1,1,-
DA:139,0
DA:141,0
BRDA:141,2,0,-
BRDA:141,2,1,-
DA:142,0
DA:144,0
BRDA:144,3,0,-
BRDA:144,3,1,-
DA:145,0
DA:148,0
BRDA:148,4,0,-
BRDA:148,4,1,-
DA:149,0
DA:151,0
BRDA:151,5,0,-
BRDA:151,5,1,-
DA:152,0
DA:153,0
BRDA:153,6,0,-
BRDA:153,6,1,-
DA:154,0
DA:157,0
DA:160,0
FN:168,MinerPoolAndGCA.currentBucket
FNDA:0,MinerPoolAndGCA.currentBucket
DA:169,0
FN:175,MinerPoolAndGCA._genesisTimestamp
FNDA:0,MinerPoolAndGCA._genesisTimestamp
DA:176,0
FN:182,MinerPoolAndGCA.donateToGRCMinerRewardsPool
FNDA:0,MinerPoolAndGCA.donateToGRCMinerRewardsPool
DA:183,0
FN:189,MinerPoolAndGCA.donateToGRCMinerRewardsPoolEarlyLiquidity
FNDA:0,MinerPoolAndGCA.donateToGRCMinerRewardsPoolEarlyLiquidity
DA:190,0
FN:193,MinerPoolAndGCA.earlyLiquidity
FNDA:3,MinerPoolAndGCA.earlyLiquidity
DA:194,3
FNF:7
FNH:1
LF:24
LH:1
BRF:14
BRH:0
end_of_record
TN:
SF:src/MinerPoolAndGCA/mock/MockGCA.sol
FN:17,MockGCA.setGCAs
FNDA:1,MockGCA.setGCAs
DA:18,1
FNF:1
FNH:1
LF:1
LH:1
BRF:0
BRH:0
end_of_record
TN:
SF:src/VetoCouncil.sol
FN:93,VetoCouncil.addAndRemoveCouncilMember
FNDA:9,VetoCouncil.addAndRemoveCouncilMember
DA:98,9
BRDA:98,0,0,1
BRDA:98,0,1,8
DA:99,1
DA:101,8
BRDA:101,1,0,1
BRDA:101,1,1,7
DA:102,1
DA:105,7
BRDA:105,2,0,5
BRDA:105,2,1,2
DA:106,5
DA:109,2
BRDA:109,3,0,-
BRDA:109,3,1,2
DA:110,0
DA:113,2
DA:114,2
BRDA:114,4,0,-
BRDA:114,4,1,2
DA:121,2
DA:123,2
BRDA:123,5,0,-
BRDA:123,5,1,2
DA:124,0
DA:126,2
DA:127,2
DA:129,2
BRDA:129,6,0,1
BRDA:129,6,1,1
DA:131,2
DA:132,2
DA:133,2
BRDA:133,7,0,1
BRDA:133,7,1,1
DA:134,1
DA:136,1
DA:139,2
FN:143,VetoCouncil.payoutCouncilMember
FNDA:2,VetoCouncil.payoutCouncilMember
DA:144,2
FN:149,VetoCouncil.isCouncilMember
FNDA:3,VetoCouncil.isCouncilMember
DA:150,12
FN:153,VetoCouncil.pullGlowFromInflation
FNDA:0,VetoCouncil.pullGlowFromInflation
DA:154,2
FN:157,VetoCouncil.vetoAgentData
FNDA:4,VetoCouncil.vetoAgentData
DA:158,4
DA:159,0
FN:162,VetoCouncil.allVetoAgents
FNDA:3,VetoCouncil.allVetoAgents
DA:163,3
FN:167,VetoCouncil.nextReward
FNDA:2,VetoCouncil.nextReward
DA:168,4
DA:169,4
DA:171,4
DA:173,4
FN:180,VetoCouncil._removeFromVetoCouncilArray
FNDA:2,VetoCouncil._removeFromVetoCouncilArray
DA:181,2
DA:183,2
DA:184,2
BRDA:184,8,0,2
BRDA:184,8,1,-
DA:185,2
DA:186,2
DA:190,2
DA:191,2
FN:197,VetoCouncil._payoutCouncilMember
FNDA:2,VetoCouncil._payoutCouncilMember
DA:198,2
BRDA:198,9,0,2
BRDA:198,9,1,2
DA:199,2
DA:201,2
DA:202,2
BRDA:202,10,0,-
BRDA:202,10,1,2
DA:203,0
DA:205,2
DA:206,2
DA:207,2
DA:212,2
DA:213,2
FN:222,VetoCouncil._revert
FNDA:1,VetoCouncil._revert
FN:234,VetoCouncil._isZeroAddress
FNDA:4,VetoCouncil._isZeroAddress
DA:236,4
FNF:11
FNH:10
LF:50
LH:46
BRF:22
BRH:17
end_of_record
TN:
SF:src/libraries/ABDKMath64x64.sol
FN:34,ABDKMath64x64.fromInt
FNDA:0,ABDKMath64x64.fromInt
DA:36,0
BRDA:36,0,0,-
BRDA:36,0,1,-
DA:37,0
FN:48,ABDKMath64x64.toInt
FNDA:0,ABDKMath64x64.toInt
DA:50,0
FN:61,ABDKMath64x64.fromUInt
FNDA:26,ABDKMath64x64.fromUInt
DA:63,26
BRDA:63,1,0,-
BRDA:63,1,1,26
DA:64,26
FN:75,ABDKMath64x64.toUInt
FNDA:13,ABDKMath64x64.toUInt
DA:77,13
BRDA:77,2,0,-
BRDA:77,2,1,13
DA:78,13
FN:89,ABDKMath64x64.from128x128
FNDA:0,ABDKMath64x64.from128x128
DA:91,0
DA:92,0
BRDA:92,3,0,-
BRDA:92,3,1,-
DA:93,0
FN:104,ABDKMath64x64.to128x128
FNDA:0,ABDKMath64x64.to128x128
DA:106,0
FN:117,ABDKMath64x64.add
FNDA:0,ABDKMath64x64.add
DA:119,0
DA:120,0
BRDA:120,4,0,-
BRDA:120,4,1,-
DA:121,0
FN:132,ABDKMath64x64.sub
FNDA:13,ABDKMath64x64.sub
DA:134,13
DA:135,13
BRDA:135,5,0,-
BRDA:135,5,1,13
DA:136,13
FN:147,ABDKMath64x64.mul
FNDA:52,ABDKMath64x64.mul
DA:149,52
DA:150,52
BRDA:150,6,0,-
BRDA:150,6,1,52
DA:151,52
FN:163,ABDKMath64x64.muli
FNDA:0,ABDKMath64x64.muli
DA:165,0
BRDA:165,7,0,-
BRDA:165,7,1,-
DA:166,0
BRDA:166,8,0,-
BRDA:166,8,1,-
DA:170,0
DA:172,0
DA:173,0
BRDA:173,9,0,-
BRDA:173,9,1,-
DA:174,0
DA:175,0
DA:177,0
BRDA:177,10,0,-
BRDA:177,10,1,-
DA:178,0
DA:179,0
DA:181,0
DA:182,0
BRDA:182,11,0,-
BRDA:182,11,1,-
DA:183,0
BRDA:183,12,0,-
BRDA:183,12,1,-
DA:184,0
DA:186,0
BRDA:186,13,0,-
BRDA:186,13,1,-
DA:187,0
FN:201,ABDKMath64x64.mulu
FNDA:0,ABDKMath64x64.mulu
DA:203,0
BRDA:203,14,0,-
BRDA:203,14,1,-
DA:205,0
BRDA:205,15,0,-
BRDA:205,15,1,-
DA:207,0
DA:208,0
DA:210,0
BRDA:210,16,0,-
BRDA:210,16,1,-
DA:211,0
DA:213,0
BRDA:213,17,0,-
BRDA:213,17,1,-
DA:214,0
FN:226,ABDKMath64x64.div
FNDA:26,ABDKMath64x64.div
DA:228,26
BRDA:228,18,0,-
BRDA:228,18,1,26
DA:229,26
DA:230,26
BRDA:230,19,0,-
BRDA:230,19,1,26
DA:231,26
FN:243,ABDKMath64x64.divi
FNDA:0,ABDKMath64x64.divi
DA:245,0
BRDA:245,20,0,-
BRDA:245,20,1,-
DA:247,0
DA:248,0
BRDA:248,21,0,-
BRDA:248,21,1,-
DA:249,0
DA:250,0
DA:252,0
BRDA:252,22,0,-
BRDA:252,22,1,-
DA:253,0
DA:254,0
DA:256,0
DA:257,0
BRDA:257,23,0,-
BRDA:257,23,1,-
DA:258,0
BRDA:258,24,0,-
BRDA:258,24,1,-
DA:259,0
DA:261,0
BRDA:261,25,0,-
BRDA:261,25,1,-
DA:262,0
FN:275,ABDKMath64x64.divu
FNDA:0,ABDKMath64x64.divu
DA:277,0
BRDA:277,26,0,-
BRDA:277,26,1,-
DA:278,0
DA:279,0
BRDA:279,27,0,-
BRDA:279,27,1,-
DA:280,0
FN:290,ABDKMath64x64.neg
FNDA:0,ABDKMath64x64.neg
DA:292,0
BRDA:292,28,0,-
BRDA:292,28,1,-
DA:293,0
FN:303,ABDKMath64x64.abs
FNDA:0,ABDKMath64x64.abs
DA:305,0
BRDA:305,29,0,-
BRDA:305,29,1,-
DA:306,0
FN:317,ABDKMath64x64.inv
FNDA:0,ABDKMath64x64.inv
DA:319,0
BRDA:319,30,0,-
BRDA:319,30,1,-
DA:320,0
DA:321,0
BRDA:321,31,0,-
BRDA:321,31,1,-
DA:322,0
FN:333,ABDKMath64x64.avg
FNDA:0,ABDKMath64x64.avg
DA:335,0
FN:347,ABDKMath64x64.gavg
FNDA:0,ABDKMath64x64.gavg
DA:349,0
DA:350,0
BRDA:350,32,0,-
BRDA:350,32,1,-
DA:351,0
BRDA:351,33,0,-
BRDA:351,33,1,-
DA:352,0
FN:364,ABDKMath64x64.pow
FNDA:0,ABDKMath64x64.pow
DA:366,0
DA:368,0
DA:369,0
DA:370,0
DA:372,0
BRDA:372,34,0,-
BRDA:372,34,1,-
DA:373,0
DA:374,0
DA:375,0
BRDA:375,35,0,-
BRDA:375,35,1,-
DA:376,0
DA:378,0
DA:380,0
BRDA:380,36,0,-
BRDA:380,36,1,-
DA:381,0
DA:383,0
DA:385,0
BRDA:385,37,0,-
BRDA:385,37,1,-
DA:386,0
DA:388,0
DA:390,0
BRDA:390,38,0,-
BRDA:390,38,1,-
DA:391,0
DA:393,0
DA:395,0
DA:398,0
DA:400,0
DA:401,0
BRDA:401,39,0,-
BRDA:401,39,1,-
DA:402,0
DA:403,0
DA:405,0
BRDA:405,40,0,-
BRDA:405,40,1,-
DA:406,0
DA:407,0
DA:409,0
BRDA:409,41,0,-
BRDA:409,41,1,-
DA:410,0
DA:411,0
DA:413,0
BRDA:413,42,0,-
BRDA:413,42,1,-
DA:414,0
DA:415,0
DA:417,0
BRDA:417,43,0,-
BRDA:417,43,1,-
DA:418,0
DA:419,0
DA:421,0
BRDA:421,44,0,-
BRDA:421,44,1,-
DA:422,0
DA:423,0
DA:426,0
DA:427,0
DA:428,0
BRDA:428,45,0,-
BRDA:428,45,1,-
DA:430,0
BRDA:430,46,0,-
BRDA:430,46,1,-
DA:431,0
DA:432,0
DA:433,0
BRDA:433,47,0,-
BRDA:433,47,1,-
DA:434,0
DA:435,0
DA:438,0
DA:439,0
DA:440,0
BRDA:440,48,0,-
BRDA:440,48,1,-
DA:441,0
DA:442,0
DA:445,0
DA:448,0
BRDA:448,49,0,-
BRDA:448,49,1,-
DA:449,0
DA:451,0
DA:452,0
BRDA:452,50,0,-
BRDA:452,50,1,-
DA:453,0
FN:463,ABDKMath64x64.sqrt
FNDA:0,ABDKMath64x64.sqrt
DA:465,0
BRDA:465,51,0,-
BRDA:465,51,1,-
DA:466,0
FN:476,ABDKMath64x64.log_2
FNDA:0,ABDKMath64x64.log_2
DA:478,0
BRDA:478,52,0,-
BRDA:478,52,1,-
DA:480,0
DA:481,0
DA:482,0
BRDA:482,53,0,-
BRDA:482,53,1,-
DA:483,0
DA:484,0
DA:486,0
BRDA:486,54,0,-
BRDA:486,54,1,-
DA:487,0
DA:488,0
DA:490,0
BRDA:490,55,0,-
BRDA:490,55,1,-
DA:491,0
DA:492,0
DA:494,0
BRDA:494,56,0,-
BRDA:494,56,1,-
DA:495,0
DA:496,0
DA:498,0
BRDA:498,57,0,-
BRDA:498,57,1,-
DA:499,0
DA:500,0
DA:502,0
BRDA:502,58,0,-
BRDA:502,58,1,-
DA:503,0
DA:504,0
DA:506,0
BRDA:506,59,0,-
BRDA:506,59,1,-
DA:508,0
DA:509,0
DA:510,0
DA:511,0
DA:512,0
DA:513,0
DA:514,0
DA:517,0
FN:527,ABDKMath64x64.ln
FNDA:0,ABDKMath64x64.ln
DA:529,0
BRDA:529,60,0,-
BRDA:529,60,1,-
DA:531,0
FN:541,ABDKMath64x64.exp_2
FNDA:26,ABDKMath64x64.exp_2
DA:543,26
BRDA:543,61,0,-
BRDA:543,61,1,26
DA:545,26
BRDA:545,62,0,-
BRDA:545,62,1,26
DA:547,26
DA:549,26
BRDA:549,63,0,15
BRDA:549,63,1,26
DA:550,15
DA:552,26
BRDA:552,64,0,15
BRDA:552,64,1,26
DA:553,15
DA:555,26
BRDA:555,65,0,15
BRDA:555,65,1,26
DA:556,15
DA:558,26
BRDA:558,66,0,15
BRDA:558,66,1,26
DA:559,15
DA:561,26
BRDA:561,67,0,15
BRDA:561,67,1,26
DA:562,15
DA:564,26
BRDA:564,68,0,15
BRDA:564,68,1,26
DA:565,15
DA:567,26
BRDA:567,69,0,15
BRDA:567,69,1,26
DA:568,15
DA:570,26
BRDA:570,70,0,15
BRDA:570,70,1,26
DA:571,15
DA:573,26
BRDA:573,71,0,15
BRDA:573,71,1,26
DA:574,15
DA:576,26
BRDA:576,72,0,15
BRDA:576,72,1,26
DA:577,15
DA:579,26
BRDA:579,73,0,15
BRDA:579,73,1,26
DA:580,15
DA:582,26
BRDA:582,74,0,15
BRDA:582,74,1,26
DA:583,15
DA:585,26
BRDA:585,75,0,15
BRDA:585,75,1,26
DA:586,15
DA:588,26
BRDA:588,76,0,15
BRDA:588,76,1,26
DA:589,15
DA:591,26
BRDA:591,77,0,15
BRDA:591,77,1,26
DA:592,15
DA:594,26
BRDA:594,78,0,15
BRDA:594,78,1,26
DA:595,15
DA:597,26
BRDA:597,79,0,15
BRDA:597,79,1,26
DA:598,15
DA:600,26
BRDA:600,80,0,15
BRDA:600,80,1,26
DA:601,15
DA:603,26
BRDA:603,81,0,15
BRDA:603,81,1,26
DA:604,15
DA:606,26
BRDA:606,82,0,16
BRDA:606,82,1,26
DA:607,16
DA:609,26
BRDA:609,83,0,15
BRDA:609,83,1,26
DA:610,15
DA:612,26
BRDA:612,84,0,15
BRDA:612,84,1,26
DA:613,15
DA:615,26
BRDA:615,85,0,15
BRDA:615,85,1,26
DA:616,15
DA:618,26
BRDA:618,86,0,15
BRDA:618,86,1,26
DA:619,15
DA:621,26
BRDA:621,87,0,16
BRDA:621,87,1,26
DA:622,16
DA:624,26
BRDA:624,88,0,16
BRDA:624,88,1,26
DA:625,16
DA:627,26
BRDA:627,89,0,15
BRDA:627,89,1,26
DA:628,15
DA:630,26
BRDA:630,90,0,15
BRDA:630,90,1,26
DA:631,15
DA:633,26
BRDA:633,91,0,15
BRDA:633,91,1,26
DA:634,15
DA:636,26
BRDA:636,92,0,16
BRDA:636,92,1,26
DA:637,16
DA:639,26
BRDA:639,93,0,16
BRDA:639,93,1,26
DA:640,16
DA:642,26
BRDA:642,94,0,15
BRDA:642,94,1,26
DA:643,15
DA:645,26
BRDA:645,95,0,16
BRDA:645,95,1,26
DA:646,16
DA:648,26
BRDA:648,96,0,16
BRDA:648,96,1,26
DA:649,16
DA:651,26
BRDA:651,97,0,16
BRDA:651,97,1,26
DA:652,16
DA:654,26
BRDA:654,98,0,16
BRDA:654,98,1,26
DA:655,16
DA:657,26
BRDA:657,99,0,15
BRDA:657,99,1,26
DA:658,15
DA:660,26
BRDA:660,100,0,16
BRDA:660,100,1,26
DA:661,16
DA:663,26
BRDA:663,101,0,16
BRDA:663,101,1,26
DA:664,16
DA:666,26
BRDA:666,102,0,16
BRDA:666,102,1,26
DA:667,16
DA:669,26
BRDA:669,103,0,16
BRDA:669,103,1,26
DA:670,16
DA:672,26
BRDA:672,104,0,15
BRDA:672,104,1,26
DA:673,15
DA:675,26
BRDA:675,105,0,4
BRDA:675,105,1,26
DA:676,4
DA:678,26
BRDA:678,106,0,3
BRDA:678,106,1,26
DA:679,3
DA:681,26
BRDA:681,107,0,3
BRDA:681,107,1,26
DA:682,3
DA:684,26
BRDA:684,108,0,15
BRDA:684,108,1,26
DA:685,15
DA:687,26
BRDA:687,109,0,3
BRDA:687,109,1,26
DA:688,3
DA:690,26
BRDA:690,110,0,15
BRDA:690,110,1,26
DA:691,15
DA:693,26
BRDA:693,111,0,16
BRDA:693,111,1,26
DA:694,16
DA:696,26
BRDA:696,112,0,3
BRDA:696,112,1,26
DA:697,3
DA:699,26
BRDA:699,113,0,4
BRDA:699,113,1,26
DA:700,4
DA:702,26
BRDA:702,114,0,4
BRDA:702,114,1,26
DA:703,4
DA:705,26
BRDA:705,115,0,15
BRDA:705,115,1,26
DA:706,15
DA:708,26
BRDA:708,116,0,4
BRDA:708,116,1,26
DA:709,4
DA:711,26
BRDA:711,117,0,3
BRDA:711,117,1,26
DA:712,3
DA:714,26
BRDA:714,118,0,16
BRDA:714,118,1,26
DA:715,16
DA:717,26
BRDA:717,119,0,16
BRDA:717,119,1,26
DA:718,16
DA:720,26
BRDA:720,120,0,16
BRDA:720,120,1,26
DA:721,16
DA:723,26
BRDA:723,121,0,16
BRDA:723,121,1,26
DA:724,16
DA:726,26
BRDA:726,122,0,15
BRDA:726,122,1,26
DA:727,15
DA:729,26
BRDA:729,123,0,4
BRDA:729,123,1,26
DA:730,4
DA:732,26
BRDA:732,124,0,15
BRDA:732,124,1,26
DA:733,15
DA:735,26
BRDA:735,125,0,3
BRDA:735,125,1,26
DA:736,3
DA:738,26
BRDA:738,126,0,1
BRDA:738,126,1,26
DA:739,1
DA:742,26
DA:743,26
BRDA:743,127,0,-
BRDA:743,127,1,26
DA:745,26
FN:755,ABDKMath64x64.exp
FNDA:26,ABDKMath64x64.exp
DA:757,26
BRDA:757,128,0,-
BRDA:757,128,1,26
DA:759,26
BRDA:759,129,0,-
BRDA:759,129,1,26
DA:761,26
FN:773,ABDKMath64x64.divuu
FNDA:0,ABDKMath64x64.divuu
DA:775,0
BRDA:775,130,0,-
BRDA:775,130,1,-
DA:777,0
DA:779,0
BRDA:779,131,0,-
BRDA:779,131,1,-
DA:780,0
DA:782,0
DA:783,0
DA:784,0
BRDA:784,132,0,-
BRDA:784,132,1,-
DA:785,0
DA:786,0
DA:788,0
BRDA:788,133,0,-
BRDA:788,133,1,-
DA:789,0
DA:790,0
DA:792,0
BRDA:792,134,0,-
BRDA:792,134,1,-
DA:793,0
DA:794,0
DA:796,0
BRDA:796,135,0,-
BRDA:796,135,1,-
DA:797,0
DA:798,0
DA:800,0
BRDA:800,136,0,-
BRDA:800,136,1,-
DA:801,0
DA:802,0
DA:804,0
BRDA:804,137,0,-
BRDA:804,137,1,-
DA:806,0
DA:807,0
BRDA:807,138,0,-
BRDA:807,138,1,-
DA:809,0
DA:810,0
DA:812,0
DA:813,0
DA:815,0
BRDA:815,139,0,-
BRDA:815,139,1,-
DA:816,0
DA:817,0
DA:818,0
BRDA:818,140,0,-
BRDA:818,140,1,-
DA:819,0
DA:821,0
DA:824,0
BRDA:824,141,0,-
BRDA:824,141,1,-
DA:825,0
FN:836,ABDKMath64x64.sqrtu
FNDA:0,ABDKMath64x64.sqrtu
DA:838,0
BRDA:838,142,0,-
BRDA:838,142,1,-
DA:839,0
DA:841,0
DA:842,0
DA:843,0
BRDA:843,143,0,-
BRDA:843,143,1,-
DA:844,0
DA:845,0
DA:847,0
BRDA:847,144,0,-
BRDA:847,144,1,-
DA:848,0
DA:849,0
DA:851,0
BRDA:851,145,0,-
BRDA:851,145,1,-
DA:852,0
DA:853,0
DA:855,0
BRDA:855,146,0,-
BRDA:855,146,1,-
DA:856,0
DA:857,0
DA:859,0
BRDA:859,147,0,-
BRDA:859,147,1,-
DA:860,0
DA:861,0
DA:863,0
BRDA:863,148,0,-
BRDA:863,148,1,-
DA:864,0
DA:865,0
DA:867,0
BRDA:867,149,0,-
BRDA:867,149,1,-
DA:868,0
DA:869,0
DA:870,0
DA:871,0
DA:872,0
DA:873,0
DA:874,0
DA:875,0
DA:876,0
FNF:27
FNH:7
LF:378
LH:151
BRF:300
BRH:139
end_of_record
TN:
SF:src/libraries/VestingMathLib.sol
FN:23,VestingMathLib.getAmountNowAndSB
FNDA:0,VestingMathLib.getAmountNowAndSB
DA:33,0
DA:35,0
DA:36,0
BRDA:36,0,0,-
BRDA:36,0,1,-
DA:37,0
DA:38,0
DA:39,0
DA:41,0
DA:43,0
FNF:1
FNH:0
LF:8
LH:0
BRF:2
BRH:0
end_of_record
TN:
SF:src/temp/GCAPayoutAlgo.sol
FN:31,GCAPayoutAlgo.submitCompensationPlan
FNDA:0,GCAPayoutAlgo.submitCompensationPlan
DA:34,0
BRDA:34,0,0,-
BRDA:34,0,1,-
DA:36,0
BRDA:36,1,0,-
BRDA:36,1,1,-
DA:37,0
DA:38,0
DA:39,0
DA:40,0
DA:41,0
DA:48,0
DA:49,0
DA:50,0
BRDA:50,2,0,-
BRDA:50,2,1,-
DA:51,0
DA:52,0
BRDA:52,3,0,-
BRDA:52,3,1,-
DA:53,0
DA:55,0
DA:56,0
DA:58,0
BRDA:58,4,0,-
BRDA:58,4,1,-
DA:59,0
FN:62,GCAPayoutAlgo.removeGCA
FNDA:0,GCAPayoutAlgo.removeGCA
DA:63,0
DA:64,0
DA:65,0
DA:66,0
DA:67,0
DA:74,0
FN:77,GCAPayoutAlgo.addGCA
FNDA:0,GCAPayoutAlgo.addGCA
DA:78,0
FN:81,GCAPayoutAlgo.claimRewards
FNDA:0,GCAPayoutAlgo.claimRewards
DA:82,0
DA:83,0
DA:84,0
FN:87,GCAPayoutAlgo.nextReward
FNDA:0,GCAPayoutAlgo.nextReward
DA:88,0
DA:89,0
BRDA:89,5,0,-
BRDA:89,5,1,-
DA:90,0
DA:91,0
BRDA:91,6,0,-
BRDA:91,6,1,-
DA:92,0
FN:95,GCAPayoutAlgo.nextRewardMockTimestamp
FNDA:0,GCAPayoutAlgo.nextRewardMockTimestamp
DA:96,0
DA:97,0
BRDA:97,7,0,-
BRDA:97,7,1,-
DA:98,0
BRDA:98,8,0,-
BRDA:98,8,1,-
DA:99,0
FN:102,GCAPayoutAlgo.editSeats
FNDA:0,GCAPayoutAlgo.editSeats
DA:103,0
DA:104,0
DA:105,0
BRDA:105,9,0,-
BRDA:105,9,1,-
DA:112,0
DA:114,0
DA:115,0
FN:119,GCAPayoutAlgo.helpers
FNDA:0,GCAPayoutAlgo.helpers
DA:120,0
FNF:8
FNH:0
LF:43
LH:0
BRF:20
BRH:0
end_of_record
TN:
SF:src/temp/GCAPayoutAlgo2.sol
FN:32,GCAPayoutAlgo2.submitCompensationPlan
FNDA:0,GCAPayoutAlgo2.submitCompensationPlan
DA:34,0
BRDA:34,0,0,-
BRDA:34,0,1,-
DA:36,0
DA:37,0
BRDA:37,1,0,-
BRDA:37,1,1,-
DA:40,0
DA:41,0
DA:42,0
DA:43,0
DA:45,0
BRDA:45,2,0,-
BRDA:45,2,1,-
DA:46,0
DA:54,0
DA:55,0
DA:56,0
BRDA:56,3,0,-
BRDA:56,3,1,-
DA:57,0
DA:58,0
BRDA:58,4,0,-
BRDA:58,4,1,-
DA:59,0
DA:61,0
DA:62,0
DA:64,0
BRDA:64,5,0,-
BRDA:64,5,1,-
DA:65,0
FN:68,GCAPayoutAlgo2.removeGCA
FNDA:0,GCAPayoutAlgo2.removeGCA
DA:69,0
DA:70,0
DA:71,0
DA:72,0
DA:73,0
BRDA:73,6,0,-
BRDA:73,6,1,-
DA:74,0
DA:82,0
DA:83,0
DA:84,0
BRDA:84,7,0,-
BRDA:84,7,1,-
DA:85,0
DA:86,0
DA:89,0
DA:93,0
FN:96,GCAPayoutAlgo2.addGCA
FNDA:0,GCAPayoutAlgo2.addGCA
DA:97,0
FN:100,GCAPayoutAlgo2.claimRewards
FNDA:0,GCAPayoutAlgo2.claimRewards
DA:101,0
DA:102,0
DA:103,0
FN:106,GCAPayoutAlgo2.claimRewards
FNDA:0,GCAPayoutAlgo2.claimRewards
DA:107,0
DA:108,0
DA:109,0
FN:112,GCAPayoutAlgo2.nextReward
FNDA:0,GCAPayoutAlgo2.nextReward
DA:113,0
DA:114,0
BRDA:114,8,0,-
BRDA:114,8,1,-
DA:115,0
DA:116,0
BRDA:116,9,0,-
BRDA:116,9,1,-
DA:117,0
FN:120,GCAPayoutAlgo2.nextRewardMockTimestamp
FNDA:0,GCAPayoutAlgo2.nextRewardMockTimestamp
DA:121,0
DA:122,0
BRDA:122,10,0,-
BRDA:122,10,1,-
DA:123,0
BRDA:123,11,0,-
BRDA:123,11,1,-
DA:124,0
FN:128,GCAPayoutAlgo2.editSeats
FNDA:0,GCAPayoutAlgo2.editSeats
DA:129,0
DA:130,0
DA:131,0
BRDA:131,12,0,-
BRDA:131,12,1,-
DA:138,0
DA:140,0
DA:141,0
FN:145,GCAPayoutAlgo2.helpers
FNDA:0,GCAPayoutAlgo2.helpers
DA:146,0
FNF:9
FNH:0
LF:55
LH:0
BRF:26
BRH:0
end_of_record
TN:
SF:src/temp/MD2.sol
FN:55,MD2.currentBucket
FNDA:4,MD2.currentBucket
DA:56,8
FN:59,MD2.addToCurrentBucket
FNDA:4,MD2.addToCurrentBucket
DA:60,4
DA:61,4
DA:62,4
DA:63,4
DA:64,4
DA:66,4
BRDA:66,0,0,1
BRDA:66,0,1,1
DA:67,1
DA:68,1
DA:69,1
DA:70,1
BRDA:70,1,0,1
BRDA:70,1,1,1
DA:71,1
DA:74,1
DA:77,3
DA:78,3
BRDA:78,2,0,-
BRDA:78,2,1,3
DA:79,0
DA:80,0
DA:81,0
DA:84,3
DA:85,3
DA:86,3
DA:88,3
DA:93,3
DA:94,3
DA:96,3
BRDA:96,3,0,200
BRDA:96,3,1,2
DA:97,2
DA:98,200
DA:104,3
DA:107,3
BRDA:107,4,0,3
BRDA:107,4,1,3
DA:108,3
FN:113,MD2.minBucket
FNDA:0,MD2.minBucket
DA:114,0
BRDA:114,5,0,-
BRDA:114,5,1,-
DA:115,0
FN:118,MD2.getRewards
FNDA:0,MD2.getRewards
DA:119,0
DA:120,0
DA:121,0
DA:123,0
FN:126,MD2.getBatchAddressesRewards
FNDA:0,MD2.getBatchAddressesRewards
DA:132,0
DA:133,0
DA:135,0
DA:136,0
DA:137,0
DA:138,0
DA:139,0
DA:142,0
FN:146,MD2.reward
FNDA:968,MD2.reward
DA:147,968
DA:148,968
BRDA:148,6,0,6
BRDA:148,6,1,962
DA:149,6
DA:152,962
DA:153,962
BRDA:153,7,0,-
BRDA:153,7,1,962
DA:154,0
DA:157,962
DA:158,962
DA:161,85744
DA:162,85744
DA:163,85744
BRDA:163,8,0,962
BRDA:163,8,1,84782
DA:164,962
DA:165,962
DA:170,962
FNF:6
FNH:3
LF:58
LH:40
BRF:18
BRH:14
end_of_record
TN:
SF:src/temp/Math.sol
FN:64,HalfLife.calculateHalfLifeValue
FNDA:0,HalfLife.calculateHalfLifeValue
DA:66,0
DA:69,0
DA:70,0
DA:73,0
DA:74,0
DA:77,0
DA:79,0
FNF:1
FNH:0
LF:7
LH:0
BRF:0
BRH:0
end_of_record
TN:
SF:src/temp/MinerDistributionMath.sol
FN:25,MinerDistributionMath.currentBucket
FNDA:0,MinerDistributionMath.currentBucket
DA:26,0
FN:29,MinerDistributionMath.addToCurrentBucket
FNDA:0,MinerDistributionMath.addToCurrentBucket
DA:30,0
DA:31,0
DA:32,0
DA:33,0
DA:34,0
DA:36,0
BRDA:36,0,0,-
BRDA:36,0,1,-
DA:37,0
DA:38,0
DA:39,0
DA:40,0
BRDA:40,1,0,-
BRDA:40,1,1,-
DA:41,0
DA:43,0
DA:46,0
DA:47,0
BRDA:47,2,0,-
BRDA:47,2,1,-
DA:48,0
DA:49,0
DA:50,0
DA:53,0
DA:55,0
DA:56,0
DA:58,0
DA:59,0
DA:62,0
DA:65,0
BRDA:65,3,0,-
BRDA:65,3,1,-
DA:66,0
FN:70,MinerDistributionMath.minBucket
FNDA:0,MinerDistributionMath.minBucket
DA:71,0
BRDA:71,4,0,-
BRDA:71,4,1,-
DA:72,0
FN:75,MinerDistributionMath.getRewards
FNDA:0,MinerDistributionMath.getRewards
DA:76,0
DA:77,0
DA:78,0
DA:80,0
FN:83,MinerDistributionMath.reward
FNDA:0,MinerDistributionMath.reward
DA:84,0
DA:85,0
BRDA:85,5,0,-
BRDA:85,5,1,-
DA:86,0
DA:89,0
DA:90,0
DA:92,0
DA:93,0
DA:94,0
BRDA:94,6,0,-
BRDA:94,6,1,-
DA:95,0
DA:96,0
DA:99,0
FNF:5
FNH:0
LF:43
LH:0
BRF:14
BRH:0
end_of_record
TN:
SF:src/temp/TestBucketMath.sol
FN:19,TestBucketMath.getDepositChangeForBucket
FNDA:0,TestBucketMath.getDepositChangeForBucket
DA:20,0
FN:23,TestBucketMath.deposit
FNDA:0,TestBucketMath.deposit
DA:24,0
DA:25,0
DA:27,0
BRDA:27,0,0,-
BRDA:27,0,1,-
DA:28,0
DA:29,0
DA:32,0
BRDA:32,1,0,-
BRDA:32,1,1,-
DA:34,0
DA:35,0
BRDA:35,2,0,-
BRDA:35,2,1,-
DA:36,0
DA:38,0
DA:39,0
DA:41,0
DA:44,0
FN:47,TestBucketMath.getBucketValue
FNDA:0,TestBucketMath.getBucketValue
DA:48,0
BRDA:48,3,0,-
BRDA:48,3,1,-
DA:49,0
BRDA:49,4,0,-
BRDA:49,4,1,-
DA:50,0
DA:51,0
DA:52,0
DA:54,0
BRDA:54,5,0,-
BRDA:54,5,1,-
DA:55,0
BRDA:55,6,0,-
BRDA:55,6,1,-
DA:56,0
BRDA:56,7,0,-
BRDA:56,7,1,-
DA:57,0
DA:59,0
DA:60,0
DA:61,0
DA:63,0
FN:66,TestBucketMath.getCurrentBucket
FNDA:0,TestBucketMath.getCurrentBucket
DA:67,0
FNF:4
FNH:0
LF:28
LH:0
BRF:16
BRH:0
end_of_record
TN:
SF:src/testing/ERC20.sol
FN:68,ERC20.name
FNDA:0,ERC20.name
DA:69,0
FN:76,ERC20.symbol
FNDA:0,ERC20.symbol
DA:77,0
FN:93,ERC20.decimals
FNDA:0,ERC20.decimals
DA:94,0
FN:100,ERC20.totalSupply
FNDA:0,ERC20.totalSupply
DA:101,0
FN:107,ERC20.balanceOf
FNDA:6,ERC20.balanceOf
DA:108,6
FN:119,ERC20.transfer
FNDA:0,ERC20.transfer
DA:120,0
DA:121,0
DA:122,0
FN:128,ERC20.allowance
FNDA:1,ERC20.allowance
DA:129,2
FN:142,ERC20.approve
FNDA:1,ERC20.approve
DA:143,1
DA:144,1
DA:145,1
FN:164,ERC20.transferFrom
FNDA:1,ERC20.transferFrom
DA:165,1
DA:166,1
DA:167,1
DA:168,1
FN:183,ERC20.increaseAllowance
FNDA:0,ERC20.increaseAllowance
DA:184,0
DA:185,0
DA:186,0
FN:206,ERC20.decreaseAllowance
FNDA:0,ERC20.decreaseAllowance
DA:207,0
DA:208,0
DA:209,0
BRDA:209,0,0,-
BRDA:209,0,1,-
DA:210,0
DA:213,0
DA:216,0
FN:229,ERC20._transfer
FNDA:0,ERC20._transfer
DA:230,0
BRDA:230,1,0,-
BRDA:230,1,1,-
DA:231,0
DA:233,0
BRDA:233,2,0,-
BRDA:233,2,1,-
DA:234,0
DA:236,0
FN:245,ERC20._update
FNDA:3,ERC20._update
DA:246,3
BRDA:246,3,0,1
BRDA:246,3,1,2
DA:248,1
DA:250,2
DA:251,2
BRDA:251,4,0,-
BRDA:251,4,1,2
DA:252,0
DA:256,2
DA:260,3
BRDA:260,5,0,-
BRDA:260,5,1,3
DA:263,0
DA:268,3
DA:272,3
FN:283,ERC20._mint
FNDA:1,ERC20._mint
DA:284,1
BRDA:284,6,0,-
BRDA:284,6,1,1
DA:285,0
DA:287,1
FN:298,ERC20._burn
FNDA:0,ERC20._burn
DA:299,0
BRDA:299,7,0,-
BRDA:299,7,1,-
DA:300,0
DA:302,0
FN:318,ERC20._approve
FNDA:1,ERC20._approve
DA:319,1
FN:339,ERC20._approve
FNDA:2,ERC20._approve
DA:340,2
BRDA:340,8,0,-
BRDA:340,8,1,2
DA:341,0
DA:343,2
BRDA:343,9,0,-
BRDA:343,9,1,2
DA:344,0
DA:346,2
DA:347,2
BRDA:347,10,0,1
BRDA:347,10,1,2
DA:348,1
FN:360,ERC20._spendAllowance
FNDA:1,ERC20._spendAllowance
DA:361,1
DA:362,1
BRDA:362,11,0,-
BRDA:362,11,1,1
DA:363,1
BRDA:363,12,0,-
BRDA:363,12,1,1
DA:364,0
DA:367,1
FNF:18
FNH:9
LF:59
LH:29
BRF:26
BRH:11
end_of_record
TN:
SF:src/testing/EarlyLiquidity/EarlyLiquidityMockMinerPool.sol
FN:18,EarlyLiquidityMockMinerPool.donateToGRCMinerRewardsPool
FNDA:0,EarlyLiquidityMockMinerPool.donateToGRCMinerRewardsPool
DA:19,0
FN:25,EarlyLiquidityMockMinerPool.donateToGRCMinerRewardsPoolEarlyLiquidity
FNDA:3,EarlyLiquidityMockMinerPool.donateToGRCMinerRewardsPoolEarlyLiquidity
DA:26,3
BRDA:26,0,0,-
BRDA:26,0,1,3
DA:27,0
DA:30,3
FNF:2
FNH:1
LF:4
LH:2
BRF:2
BRH:1
end_of_record
TN:
SF:src/testing/MockUSDC.sol
FN:9,MockUSDC.decimals
FNDA:0,MockUSDC.decimals
DA:10,0
FN:13,MockUSDC.mint
FNDA:8,MockUSDC.mint
DA:14,8
FNF:2
FNH:1
LF:2
LH:1
BRF:0
BRH:0
end_of_record
TN:
SF:src/testing/MockUSDCTax.sol
FN:12,MockUSDCTax.decimals
FNDA:1,MockUSDCTax.decimals
DA:13,1
FN:16,MockUSDCTax.mint
FNDA:1,MockUSDCTax.mint
DA:17,1
FN:20,MockUSDCTax._transfer
FNDA:1,MockUSDCTax._transfer
DA:21,1
BRDA:21,0,0,-
BRDA:21,0,1,1
DA:22,0
DA:24,1
BRDA:24,1,0,-
BRDA:24,1,1,1
DA:25,0
DA:28,1
DA:29,1
DA:30,1
DA:31,1
FNF:3
FNH:3
LF:10
LH:8
BRF:4
BRH:2
end_of_record
TN:
SF:src/testing/TestGCC.sol
FN:11,TestGCC.mint
FNDA:11,TestGCC.mint
DA:12,11
FNF:1
FNH:1
LF:1
LH:1
BRF:0
BRH:0
end_of_record
TN:
SF:src/testing/TestGLOW.sol
FN:16,TestGLOW.mint
FNDA:19,TestGLOW.mint
DA:17,19
FNF:1
FNH:1
LF:1
LH:1
BRF:0
BRH:0
end_of_record
TN:
SF:test/EarlyLiquidity/handlers/Handler.t.sol
FN:26,Handler.buy
FNDA:0,Handler.buy
DA:27,0
FNF:1
FNH:0
LF:1
LH:0
BRF:0
BRH:0
end_of_record
TN:
SF:test/GCCToken/Handler.sol
FN:24,Handler.mintToCarbonCreditAuction
FNDA:0,Handler.mintToCarbonCreditAuction
DA:25,0
DA:26,0
DA:27,0
BRDA:27,0,0,-
BRDA:27,0,1,-
DA:28,0
BRDA:28,1,0,-
BRDA:28,1,1,-
DA:29,0
DA:30,0
DA:31,0
DA:32,0
DA:36,0
BRDA:36,2,0,-
BRDA:36,2,1,-
DA:37,0
DA:40,0
FN:43,Handler.getAllFuzzIds
FNDA:0,Handler.getAllFuzzIds
DA:44,0
FN:47,Handler.getAllNotFuzzIds
FNDA:0,Handler.getAllNotFuzzIds
DA:48,0
FN:51,Handler.inArr
FNDA:0,Handler.inArr
DA:52,0
DA:53,0
BRDA:53,3,0,-
BRDA:53,3,1,-
DA:54,0
DA:57,0
FN:60,Handler.isBucketMinted
FNDA:0,Handler.isBucketMinted
DA:61,0
FNF:5
FNH:0
LF:18
LH:0
BRF:8
BRH:0
end_of_record
TN:
SF:test/GlowToken/Handler.sol
FN:18,Handler.stake
FNDA:0,Handler.stake
DA:19,0
BRDA:19,0,0,-
BRDA:19,0,1,-
DA:20,0
DA:24,0
FN:27,Handler.unstake
FNDA:0,Handler.unstake
DA:28,0
BRDA:28,1,0,-
BRDA:28,1,1,-
DA:29,0
DA:31,0
DA:33,0
FN:36,Handler.claimUnstakedTokens
FNDA:0,Handler.claimUnstakedTokens
DA:37,0
BRDA:37,2,0,-
BRDA:37,2,1,-
DA:38,0
DA:40,0
FN:43,Handler.getUnstakedBalance
FNDA:0,Handler.getUnstakedBalance
DA:44,0
DA:45,0
DA:47,0
DA:48,0
DA:51,0
FNF:4
FNH:0
LF:15
LH:0
BRF:6
BRH:0
end_of_record
TN:
SF:test/Math/Handlers/MD2Handler.t.sol
FN:49,MD2Handler.addRewardsToBucket
FNDA:0,MD2Handler.addRewardsToBucket
DA:50,0
DA:51,0
FN:54,MD2Handler.addRewardsToBucketWithToken
FNDA:4,MD2Handler.addRewardsToBucketWithToken
DA:59,4
DA:61,4
DA:62,4
DA:63,4
DA:64,4
DA:65,4
DA:66,4
DA:67,4
DA:68,4
DA:69,768
DA:70,768
DA:71,768
BRDA:71,0,0,584
BRDA:71,0,1,768
DA:72,584
DA:73,584
DA:76,4
DA:77,4
FN:85,MD2Handler.addRewardsToBucketNoWarp
FNDA:0,MD2Handler.addRewardsToBucketNoWarp
DA:88,0
DA:91,0
DA:92,0
DA:93,0
DA:94,0
DA:95,0
DA:96,0
DA:97,0
DA:99,0
DA:100,0
DA:101,0
DA:102,0
BRDA:102,1,0,-
BRDA:102,1,1,-
DA:103,0
DA:104,0
DA:108,0
FN:113,MD2Handler.allGhostBucketIds
FNDA:4,MD2Handler.allGhostBucketIds
DA:114,4
FNF:4
FNH:2
LF:34
LH:17
BRF:4
BRH:2
end_of_record
TN:
SF:test/Math/Handlers/MinerDistributionHandler.t.sol
FN:41,MinerDistributionHandler.addRewardsToBucket
FNDA:0,MinerDistributionHandler.addRewardsToBucket
DA:42,0
DA:43,0
DA:44,0
DA:45,0
DA:46,0
DA:47,0
DA:48,0
DA:49,0
DA:50,0
DA:51,0
DA:52,0
BRDA:52,0,0,-
BRDA:52,0,1,-
DA:53,0
DA:54,0
DA:57,0
DA:58,0
FN:66,MinerDistributionHandler.addRewardsToBucketNoWarp
FNDA:0,MinerDistributionHandler.addRewardsToBucketNoWarp
DA:67,0
DA:68,0
DA:69,0
DA:70,0
DA:71,0
DA:72,0
DA:74,0
DA:75,0
DA:76,0
DA:77,0
BRDA:77,1,0,-
BRDA:77,1,1,-
DA:78,0
DA:79,0
DA:82,0
FN:87,MinerDistributionHandler.allGhostBucketIds
FNDA:0,MinerDistributionHandler.allGhostBucketIds
DA:88,0
FNF:3
FNH:0
LF:29
LH:0
BRF:4
BRH:0
end_of_record
